{"C:\\Users\\carri\\Desktop\\NeoBank\\src\\components\\Button\\Button.css": {"path":"C:\\Users\\carri\\Desktop\\NeoBank\\src\\components\\Button\\Button.css","statementMap":{"0":{"start":{"line":1,"column":20},"end":{"line":1,"column":43}},"1":{"start":{"line":3,"column":0},"end":{"line":3,"column":563}},"2":{"start":{"line":4,"column":0},"end":{"line":4,"column":20}}},"fnMap":{},"branchMap":{},"s":{"0":3,"1":3,"2":3},"f":{},"b":{},"_coverageSchema":"1a1c01bbd47fc00a2c39e90264f33305004495a9","hash":"4b70820c8fc0953b34587fad6bd7bad3012944c7"}
,"C:\\Users\\carri\\Desktop\\NeoBank\\src\\components\\Button\\Button.tsx": {"path":"C:\\Users\\carri\\Desktop\\NeoBank\\src\\components\\Button\\Button.tsx","statementMap":{"0":{"start":{"line":3,"column":0},"end":{"line":3,"column":22}},"1":{"start":{"line":6,"column":2},"end":{"line":10,"column":4}},"2":{"start":{"line":5,"column":0},"end":{"line":5,"column":24}}},"fnMap":{"0":{"name":"Button","decl":{"start":{"line":5,"column":24},"end":{"line":5,"column":30}},"loc":{"start":{"line":5,"column":107},"end":{"line":11,"column":1}}}},"branchMap":{"0":{"loc":{"start":{"line":5,"column":59},"end":{"line":5,"column":74}},"type":"default-arg","locations":[{"start":{"line":5,"column":66},"end":{"line":5,"column":74}}]},"1":{"loc":{"start":{"line":5,"column":76},"end":{"line":5,"column":92}},"type":"default-arg","locations":[{"start":{"line":5,"column":87},"end":{"line":5,"column":92}}]}},"s":{"0":3,"1":41,"2":3},"f":{"0":41},"b":{"0":[21],"1":[21]}}
,"C:\\Users\\carri\\Desktop\\NeoBank\\src\\components\\Congratulations\\Congratulations.css": {"path":"C:\\Users\\carri\\Desktop\\NeoBank\\src\\components\\Congratulations\\Congratulations.css","statementMap":{"0":{"start":{"line":1,"column":20},"end":{"line":1,"column":43}},"1":{"start":{"line":3,"column":0},"end":{"line":3,"column":349}},"2":{"start":{"line":4,"column":0},"end":{"line":4,"column":20}}},"fnMap":{},"branchMap":{},"s":{"0":1,"1":1,"2":1},"f":{},"b":{},"_coverageSchema":"1a1c01bbd47fc00a2c39e90264f33305004495a9","hash":"12b5a296a304970f67897083bea4c62ed15cb4e3"}
,"C:\\Users\\carri\\Desktop\\NeoBank\\src\\components\\Congratulations\\Congratulations.tsx": {"path":"C:\\Users\\carri\\Desktop\\NeoBank\\src\\components\\Congratulations\\Congratulations.tsx","statementMap":{"0":{"start":{"line":2,"column":0},"end":{"line":2,"column":65}},"1":{"start":{"line":3,"column":0},"end":{"line":3,"column":31}},"2":{"start":{"line":4,"column":0},"end":{"line":4,"column":52}},"3":{"start":{"line":7,"column":24},"end":{"line":10,"column":3}},"4":{"start":{"line":8,"column":4},"end":{"line":8,"column":31}},"5":{"start":{"line":9,"column":4},"end":{"line":9,"column":25}},"6":{"start":{"line":12,"column":2},"end":{"line":19,"column":4}},"7":{"start":{"line":6,"column":0},"end":{"line":6,"column":24}}},"fnMap":{"0":{"name":"Congratulations","decl":{"start":{"line":6,"column":24},"end":{"line":6,"column":39}},"loc":{"start":{"line":6,"column":39},"end":{"line":20,"column":1}}},"1":{"name":"(anonymous_2)","decl":{"start":{"line":7,"column":24},"end":{"line":7,"column":27}},"loc":{"start":{"line":7,"column":29},"end":{"line":10,"column":3}}}},"branchMap":{},"s":{"0":1,"1":1,"2":1,"3":1,"4":0,"5":0,"6":1,"7":1},"f":{"0":1,"1":0},"b":{}}
,"C:\\Users\\carri\\Desktop\\NeoBank\\src\\components\\Loader\\Loader.tsx": {"path":"C:\\Users\\carri\\Desktop\\NeoBank\\src\\components\\Loader\\Loader.tsx","statementMap":{"0":{"start":{"line":5,"column":22},"end":{"line":5,"column":104}},"1":{"start":{"line":7,"column":2},"end":{"line":13,"column":4}},"2":{"start":{"line":4,"column":0},"end":{"line":4,"column":16}}},"fnMap":{"0":{"name":"Loader","decl":{"start":{"line":4,"column":16},"end":{"line":4,"column":22}},"loc":{"start":{"line":4,"column":79},"end":{"line":14,"column":1}}}},"branchMap":{"0":{"loc":{"start":{"line":4,"column":46},"end":{"line":4,"column":64}},"type":"default-arg","locations":[{"start":{"line":4,"column":56},"end":{"line":4,"column":64}}]},"1":{"loc":{"start":{"line":5,"column":22},"end":{"line":5,"column":104}},"type":"cond-expr","locations":[{"start":{"line":5,"column":42},"end":{"line":5,"column":72}},{"start":{"line":5,"column":75},"end":{"line":5,"column":104}}]},"2":{"loc":{"start":{"line":7,"column":9},"end":{"line":12,"column":null}},"type":"cond-expr","locations":[{"start":{"line":8,"column":4},"end":{"line":9,"column":null}},{"start":{"line":12,"column":4},"end":{"line":12,"column":19}}]}},"s":{"0":7,"1":7,"2":2},"f":{"0":7},"b":{"0":[7],"1":[0,7],"2":[0,7]}}
,"C:\\Users\\carri\\Desktop\\NeoBank\\src\\components\\Modal\\Modal.css": {"path":"C:\\Users\\carri\\Desktop\\NeoBank\\src\\components\\Modal\\Modal.css","statementMap":{"0":{"start":{"line":1,"column":20},"end":{"line":1,"column":43}},"1":{"start":{"line":3,"column":0},"end":{"line":3,"column":251}},"2":{"start":{"line":4,"column":0},"end":{"line":4,"column":20}}},"fnMap":{},"branchMap":{},"s":{"0":1,"1":1,"2":1},"f":{},"b":{},"_coverageSchema":"1a1c01bbd47fc00a2c39e90264f33305004495a9","hash":"7a9bdc450f7b8f8436f1f08a84af3134b80dfe38"}
,"C:\\Users\\carri\\Desktop\\NeoBank\\src\\components\\Modal\\Modal.tsx": {"path":"C:\\Users\\carri\\Desktop\\NeoBank\\src\\components\\Modal\\Modal.tsx","statementMap":{"0":{"start":{"line":1,"column":0},"end":{"line":1,"column":40}},"1":{"start":{"line":2,"column":0},"end":{"line":2,"column":32}},"2":{"start":{"line":3,"column":0},"end":{"line":3,"column":52}},"3":{"start":{"line":4,"column":0},"end":{"line":4,"column":52}},"4":{"start":{"line":6,"column":0},"end":{"line":6,"column":21}},"5":{"start":{"line":9,"column":40},"end":{"line":9,"column":51}},"6":{"start":{"line":11,"column":19},"end":{"line":13,"column":3}},"7":{"start":{"line":12,"column":4},"end":{"line":12,"column":36}},"8":{"start":{"line":15,"column":21},"end":{"line":18,"column":3}},"9":{"start":{"line":16,"column":4},"end":{"line":16,"column":22}},"10":{"start":{"line":17,"column":4},"end":{"line":17,"column":14}},"11":{"start":{"line":20,"column":24},"end":{"line":23,"column":3}},"12":{"start":{"line":21,"column":4},"end":{"line":21,"column":31}},"13":{"start":{"line":22,"column":4},"end":{"line":22,"column":25}},"14":{"start":{"line":25,"column":23},"end":{"line":39,"column":4}},"15":{"start":{"line":41,"column":2},"end":{"line":66,"column":4}},"16":{"start":{"line":8,"column":0},"end":{"line":8,"column":24}}},"fnMap":{"0":{"name":"ModalPopup","decl":{"start":{"line":8,"column":24},"end":{"line":8,"column":34}},"loc":{"start":{"line":8,"column":66},"end":{"line":67,"column":1}}},"1":{"name":"(anonymous_2)","decl":{"start":{"line":11,"column":19},"end":{"line":11,"column":22}},"loc":{"start":{"line":11,"column":24},"end":{"line":13,"column":3}}},"2":{"name":"(anonymous_3)","decl":{"start":{"line":15,"column":21},"end":{"line":15,"column":24}},"loc":{"start":{"line":15,"column":26},"end":{"line":18,"column":3}}},"3":{"name":"(anonymous_4)","decl":{"start":{"line":20,"column":24},"end":{"line":20,"column":27}},"loc":{"start":{"line":20,"column":29},"end":{"line":23,"column":3}}}},"branchMap":{"0":{"loc":{"start":{"line":43,"column":7},"end":{"line":52,"column":null}},"type":"binary-expr","locations":[{"start":{"line":43,"column":7},"end":{"line":43,"column":24}},{"start":{"line":44,"column":8},"end":{"line":51,"column":null}}]},"1":{"loc":{"start":{"line":55,"column":7},"end":{"line":63,"column":null}},"type":"binary-expr","locations":[{"start":{"line":55,"column":7},"end":{"line":55,"column":24}},{"start":{"line":56,"column":8},"end":{"line":62,"column":null}}]}},"s":{"0":1,"1":1,"2":1,"3":1,"4":1,"5":17,"6":17,"7":0,"8":17,"9":0,"10":0,"11":17,"12":0,"13":0,"14":17,"15":17,"16":1},"f":{"0":17,"1":0,"2":0,"3":0},"b":{"0":[17,17],"1":[17,0]}}
,"C:\\Users\\carri\\Desktop\\NeoBank\\src\\components\\SelectField\\SelectField.css": {"path":"C:\\Users\\carri\\Desktop\\NeoBank\\src\\components\\SelectField\\SelectField.css","statementMap":{"0":{"start":{"line":1,"column":20},"end":{"line":1,"column":43}},"1":{"start":{"line":3,"column":0},"end":{"line":3,"column":74}},"2":{"start":{"line":4,"column":0},"end":{"line":4,"column":20}}},"fnMap":{},"branchMap":{},"s":{"0":2,"1":2,"2":2},"f":{},"b":{},"_coverageSchema":"1a1c01bbd47fc00a2c39e90264f33305004495a9","hash":"a8f9141dbfa82692926c3b8448f90b473bcd89c5"}
,"C:\\Users\\carri\\Desktop\\NeoBank\\src\\components\\SelectField\\SelectField.tsx": {"path":"C:\\Users\\carri\\Desktop\\NeoBank\\src\\components\\SelectField\\SelectField.tsx","statementMap":{"0":{"start":{"line":3,"column":0},"end":{"line":3,"column":27}},"1":{"start":{"line":14,"column":2},"end":{"line":28,"column":4}},"2":{"start":{"line":21,"column":10},"end":{"line":21,"column":37}},"3":{"start":{"line":5,"column":0},"end":{"line":5,"column":24}}},"fnMap":{"0":{"name":"SelectField","decl":{"start":{"line":5,"column":24},"end":{"line":5,"column":35}},"loc":{"start":{"line":13,"column":19},"end":{"line":29,"column":1}}},"1":{"name":"(anonymous_1)","decl":{"start":{"line":20,"column":22},"end":{"line":20,"column":23}},"loc":{"start":{"line":21,"column":10},"end":{"line":21,"column":37}}}},"branchMap":{"0":{"loc":{"start":{"line":7,"column":2},"end":{"line":7,"column":25}},"type":"default-arg","locations":[{"start":{"line":7,"column":23},"end":{"line":7,"column":25}}]},"1":{"loc":{"start":{"line":20,"column":9},"end":{"line":24,"column":10}},"type":"cond-expr","locations":[{"start":{"line":20,"column":16},"end":{"line":20,"column":18}},{"start":{"line":20,"column":9},"end":{"line":24,"column":10}}]},"2":{"loc":{"start":{"line":20,"column":9},"end":{"line":20,"column":18}},"type":"binary-expr","locations":[{"start":{"line":20,"column":9},"end":{"line":20,"column":18}},{"start":{"line":20,"column":9},"end":{"line":20,"column":18}}]},"3":{"loc":{"start":{"line":26,"column":7},"end":{"line":26,"column":67}},"type":"binary-expr","locations":[{"start":{"line":26,"column":7},"end":{"line":26,"column":16}},{"start":{"line":26,"column":20},"end":{"line":26,"column":67}}]}},"s":{"0":2,"1":24,"2":108,"3":2},"f":{"0":24,"1":108},"b":{"0":[0],"1":[0,24],"2":[24,24],"3":[24,5]}}
,"C:\\Users\\carri\\Desktop\\NeoBank\\src\\components\\SuccessText\\SuccessText.css": {"path":"C:\\Users\\carri\\Desktop\\NeoBank\\src\\components\\SuccessText\\SuccessText.css","statementMap":{"0":{"start":{"line":1,"column":20},"end":{"line":1,"column":43}},"1":{"start":{"line":3,"column":0},"end":{"line":3,"column":269}},"2":{"start":{"line":4,"column":0},"end":{"line":4,"column":20}}},"fnMap":{},"branchMap":{},"s":{"0":2,"1":2,"2":2},"f":{},"b":{},"_coverageSchema":"1a1c01bbd47fc00a2c39e90264f33305004495a9","hash":"cf724033e5c44cc5530e37aa196fb3d67421a1e6"}
,"C:\\Users\\carri\\Desktop\\NeoBank\\src\\components\\SuccessText\\SuccessText.tsx": {"path":"C:\\Users\\carri\\Desktop\\NeoBank\\src\\components\\SuccessText\\SuccessText.tsx","statementMap":{"0":{"start":{"line":2,"column":0},"end":{"line":2,"column":27}},"1":{"start":{"line":6,"column":2},"end":{"line":11,"column":4}},"2":{"start":{"line":5,"column":0},"end":{"line":5,"column":24}}},"fnMap":{"0":{"name":"SuccessText","decl":{"start":{"line":5,"column":24},"end":{"line":5,"column":35}},"loc":{"start":{"line":5,"column":69},"end":{"line":12,"column":1}}}},"branchMap":{},"s":{"0":2,"1":2,"2":2},"f":{"0":2},"b":{}}
,"C:\\Users\\carri\\Desktop\\NeoBank\\src\\components\\TextField\\TextField.css": {"path":"C:\\Users\\carri\\Desktop\\NeoBank\\src\\components\\TextField\\TextField.css","statementMap":{"0":{"start":{"line":1,"column":20},"end":{"line":1,"column":43}},"1":{"start":{"line":3,"column":0},"end":{"line":3,"column":607}},"2":{"start":{"line":4,"column":0},"end":{"line":4,"column":20}}},"fnMap":{},"branchMap":{},"s":{"0":2,"1":2,"2":2},"f":{},"b":{},"_coverageSchema":"1a1c01bbd47fc00a2c39e90264f33305004495a9","hash":"091181ff1a0263661ba977be42fbb4af5dbf3f82"}
,"C:\\Users\\carri\\Desktop\\NeoBank\\src\\components\\TextField\\TextField.tsx": {"path":"C:\\Users\\carri\\Desktop\\NeoBank\\src\\components\\TextField\\TextField.tsx","statementMap":{"0":{"start":{"line":3,"column":0},"end":{"line":3,"column":25}},"1":{"start":{"line":16,"column":67},"end":{"line":16,"column":102}},"2":{"start":{"line":16,"column":76},"end":{"line":16,"column":102}},"3":{"start":{"line":17,"column":2},"end":{"line":32,"column":4}},"4":{"start":{"line":5,"column":0},"end":{"line":5,"column":16}}},"fnMap":{"0":{"name":"TextField","decl":{"start":{"line":5,"column":16},"end":{"line":5,"column":25}},"loc":{"start":{"line":15,"column":17},"end":{"line":33,"column":1}}},"1":{"name":"(anonymous_1)","decl":{"start":{"line":16,"column":67},"end":{"line":16,"column":68}},"loc":{"start":{"line":16,"column":76},"end":{"line":16,"column":102}}}},"branchMap":{"0":{"loc":{"start":{"line":8,"column":2},"end":{"line":8,"column":25}},"type":"default-arg","locations":[{"start":{"line":8,"column":23},"end":{"line":8,"column":25}}]},"1":{"loc":{"start":{"line":30,"column":7},"end":{"line":30,"column":67}},"type":"binary-expr","locations":[{"start":{"line":30,"column":7},"end":{"line":30,"column":16}},{"start":{"line":30,"column":20},"end":{"line":30,"column":67}}]}},"s":{"0":2,"1":61,"2":9,"3":61,"4":2},"f":{"0":61,"1":9},"b":{"0":[0],"1":[61,6]}}
,"C:\\Users\\carri\\Desktop\\NeoBank\\src\\constants\\applicationId.tsx": {"path":"C:\\Users\\carri\\Desktop\\NeoBank\\src\\constants\\applicationId.tsx","statementMap":{"0":{"start":{"line":1,"column":25},"end":{"line":1,"column":59}},"1":{"start":{"line":2,"column":17},"end":{"line":2,"column":69}},"2":{"start":{"line":4,"column":0},"end":{"line":4,"column":79}},"3":{"start":{"line":6,"column":0},"end":{"line":6,"column":29}}},"fnMap":{},"branchMap":{"0":{"loc":{"start":{"line":2,"column":17},"end":{"line":2,"column":69}},"type":"cond-expr","locations":[{"start":{"line":2,"column":36},"end":{"line":2,"column":64}},{"start":{"line":2,"column":67},"end":{"line":2,"column":69}}]},"1":{"loc":{"start":{"line":4,"column":0},"end":{"line":4,"column":78}},"type":"cond-expr","locations":[{"start":{"line":4,"column":12},"end":{"line":4,"column":53}},{"start":{"line":4,"column":58},"end":{"line":4,"column":77}}]}},"s":{"0":7,"1":7,"2":7,"3":7},"f":{},"b":{"0":[0,7],"1":[0,7]}}
,"C:\\Users\\carri\\Desktop\\NeoBank\\src\\constants\\paths.tsx": {"path":"C:\\Users\\carri\\Desktop\\NeoBank\\src\\constants\\paths.tsx","statementMap":{"0":{"start":{"line":1,"column":0},"end":{"line":1,"column":44}},"1":{"start":{"line":3,"column":13},"end":{"line":3,"column":24}},"2":{"start":{"line":4,"column":13},"end":{"line":4,"column":27}},"3":{"start":{"line":5,"column":13},"end":{"line":5,"column":43}},"4":{"start":{"line":6,"column":13},"end":{"line":6,"column":35}},"5":{"start":{"line":7,"column":13},"end":{"line":7,"column":27}},"6":{"start":{"line":8,"column":13},"end":{"line":8,"column":27}},"7":{"start":{"line":9,"column":13},"end":{"line":9,"column":28}},"8":{"start":{"line":11,"column":13},"end":{"line":19,"column":2}}},"fnMap":{},"branchMap":{},"s":{"0":7,"1":7,"2":7,"3":7,"4":7,"5":7,"6":7,"7":7,"8":7},"f":{},"b":{}}
,"C:\\Users\\carri\\Desktop\\NeoBank\\src\\helpers\\PrescoringValidationSchema.tsx": {"path":"C:\\Users\\carri\\Desktop\\NeoBank\\src\\helpers\\PrescoringValidationSchema.tsx","statementMap":{"0":{"start":{"line":1,"column":0},"end":{"line":1,"column":27}},"1":{"start":{"line":3,"column":13},"end":{"line":18,"column":3}}},"fnMap":{},"branchMap":{},"s":{"0":1,"1":1},"f":{},"b":{}}
,"C:\\Users\\carri\\Desktop\\NeoBank\\src\\helpers\\ScoringValidationSchema.tsx": {"path":"C:\\Users\\carri\\Desktop\\NeoBank\\src\\helpers\\ScoringValidationSchema.tsx","statementMap":{"0":{"start":{"line":1,"column":0},"end":{"line":1,"column":27}},"1":{"start":{"line":3,"column":13},"end":{"line":23,"column":3}}},"fnMap":{},"branchMap":{},"s":{"0":1,"1":1},"f":{},"b":{}}
,"C:\\Users\\carri\\Desktop\\NeoBank\\src\\http\\Application.agent.tsx": {"path":"C:\\Users\\carri\\Desktop\\NeoBank\\src\\http\\Application.agent.tsx","statementMap":{"0":{"start":{"line":1,"column":0},"end":{"line":1,"column":51}},"1":{"start":{"line":2,"column":0},"end":{"line":2,"column":43}},"2":{"start":{"line":9,"column":4},"end":{"line":9,"column":36}},"3":{"start":{"line":13,"column":21},"end":{"line":13,"column":71}},"4":{"start":{"line":14,"column":4},"end":{"line":14,"column":16}},"5":{"start":{"line":18,"column":21},"end":{"line":18,"column":77}},"6":{"start":{"line":19,"column":4},"end":{"line":19,"column":16}},"7":{"start":{"line":23,"column":21},"end":{"line":23,"column":100}},"8":{"start":{"line":24,"column":4},"end":{"line":24,"column":16}},"9":{"start":{"line":28,"column":21},"end":{"line":28,"column":79}},"10":{"start":{"line":29,"column":4},"end":{"line":29,"column":16}},"11":{"start":{"line":33,"column":21},"end":{"line":33,"column":71}},"12":{"start":{"line":34,"column":4},"end":{"line":34,"column":16}},"13":{"start":{"line":38,"column":21},"end":{"line":38,"column":76}},"14":{"start":{"line":39,"column":4},"end":{"line":39,"column":16}},"15":{"start":{"line":43,"column":21},"end":{"line":43,"column":94}},"16":{"start":{"line":44,"column":4},"end":{"line":44,"column":16}},"17":{"start":{"line":48,"column":13},"end":{"line":48,"column":62}}},"fnMap":{"0":{"name":"(anonymous_0)","decl":{"start":{"line":8,"column":2},"end":{"line":8,"column":null}},"loc":{"start":{"line":8,"column":2},"end":{"line":10,"column":3}}},"1":{"name":"(anonymous_1)","decl":{"start":{"line":12,"column":2},"end":{"line":12,"column":7}},"loc":{"start":{"line":12,"column":60},"end":{"line":15,"column":3}}},"2":{"name":"(anonymous_2)","decl":{"start":{"line":17,"column":2},"end":{"line":17,"column":7}},"loc":{"start":{"line":17,"column":59},"end":{"line":20,"column":3}}},"3":{"name":"(anonymous_3)","decl":{"start":{"line":22,"column":2},"end":{"line":22,"column":7}},"loc":{"start":{"line":22,"column":58},"end":{"line":25,"column":3}}},"4":{"name":"(anonymous_4)","decl":{"start":{"line":27,"column":2},"end":{"line":27,"column":7}},"loc":{"start":{"line":27,"column":26},"end":{"line":30,"column":3}}},"5":{"name":"(anonymous_5)","decl":{"start":{"line":32,"column":2},"end":{"line":32,"column":7}},"loc":{"start":{"line":32,"column":34},"end":{"line":35,"column":3}}},"6":{"name":"(anonymous_6)","decl":{"start":{"line":37,"column":2},"end":{"line":37,"column":7}},"loc":{"start":{"line":37,"column":31},"end":{"line":40,"column":3}}},"7":{"name":"(anonymous_7)","decl":{"start":{"line":42,"column":2},"end":{"line":42,"column":7}},"loc":{"start":{"line":42,"column":48},"end":{"line":45,"column":3}}}},"branchMap":{},"s":{"0":7,"1":7,"2":7,"3":0,"4":0,"5":0,"6":0,"7":0,"8":0,"9":3,"10":1,"11":0,"12":0,"13":0,"14":0,"15":0,"16":0,"17":7},"f":{"0":7,"1":0,"2":0,"3":0,"4":3,"5":0,"6":0,"7":0},"b":{}}
,"C:\\Users\\carri\\Desktop\\NeoBank\\src\\http\\Basic.agent.ts": {"path":"C:\\Users\\carri\\Desktop\\NeoBank\\src\\http\\Basic.agent.ts","statementMap":{"0":{"start":{"line":1,"column":0},"end":{"line":1,"column":65}},"1":{"start":{"line":7,"column":4},"end":{"line":13,"column":7}},"2":{"start":{"line":3,"column":0},"end":{"line":3,"column":13}}},"fnMap":{"0":{"name":"(anonymous_1)","decl":{"start":{"line":6,"column":2},"end":{"line":6,"column":14}},"loc":{"start":{"line":6,"column":58},"end":{"line":14,"column":3}}}},"branchMap":{},"s":{"0":7,"1":7,"2":7},"f":{"0":7},"b":{}}
,"C:\\Users\\carri\\Desktop\\NeoBank\\src\\images\\card-surprise.png": {"path":"C:\\Users\\carri\\Desktop\\NeoBank\\src\\images\\card-surprise.png","statementMap":{"0":{"start":{"line":1,"column":0},"end":{"line":1,"column":19}}},"fnMap":{},"branchMap":{},"s":{"0":2},"f":{},"b":{},"_coverageSchema":"1a1c01bbd47fc00a2c39e90264f33305004495a9","hash":"c126f33155d6759863c1402d0b0c406d5a1a1952"}
,"C:\\Users\\carri\\Desktop\\NeoBank\\src\\images\\close-icon.svg": {"path":"C:\\Users\\carri\\Desktop\\NeoBank\\src\\images\\close-icon.svg","statementMap":{"0":{"start":{"line":1,"column":0},"end":{"line":1,"column":19}}},"fnMap":{},"branchMap":{},"s":{"0":1},"f":{},"b":{},"_coverageSchema":"1a1c01bbd47fc00a2c39e90264f33305004495a9","hash":"eeb1f53447386cfdda04c0c0af833432fdc76b00"}
,"C:\\Users\\carri\\Desktop\\NeoBank\\src\\images\\document-logo.svg": {"path":"C:\\Users\\carri\\Desktop\\NeoBank\\src\\images\\document-logo.svg","statementMap":{"0":{"start":{"line":1,"column":0},"end":{"line":1,"column":19}}},"fnMap":{},"branchMap":{},"s":{"0":1},"f":{},"b":{},"_coverageSchema":"1a1c01bbd47fc00a2c39e90264f33305004495a9","hash":"875ba16483e22bbde78f9edb5841bd22955ce93f"}
,"C:\\Users\\carri\\Desktop\\NeoBank\\src\\images\\fail-logo.svg": {"path":"C:\\Users\\carri\\Desktop\\NeoBank\\src\\images\\fail-logo.svg","statementMap":{"0":{"start":{"line":1,"column":0},"end":{"line":1,"column":19}}},"fnMap":{},"branchMap":{},"s":{"0":1},"f":{},"b":{},"_coverageSchema":"1a1c01bbd47fc00a2c39e90264f33305004495a9","hash":"bf5bd2e3423b6b956af054e653f146add2ea51aa"}
,"C:\\Users\\carri\\Desktop\\NeoBank\\src\\images\\ok-logo.svg": {"path":"C:\\Users\\carri\\Desktop\\NeoBank\\src\\images\\ok-logo.svg","statementMap":{"0":{"start":{"line":1,"column":0},"end":{"line":1,"column":19}}},"fnMap":{},"branchMap":{},"s":{"0":1},"f":{},"b":{},"_coverageSchema":"1a1c01bbd47fc00a2c39e90264f33305004495a9","hash":"931a082fb76dfe85b4140976c688de2319729ab2"}
,"C:\\Users\\carri\\Desktop\\NeoBank\\src\\images\\slider.png": {"path":"C:\\Users\\carri\\Desktop\\NeoBank\\src\\images\\slider.png","statementMap":{"0":{"start":{"line":1,"column":0},"end":{"line":1,"column":19}}},"fnMap":{},"branchMap":{},"s":{"0":1},"f":{},"b":{},"_coverageSchema":"1a1c01bbd47fc00a2c39e90264f33305004495a9","hash":"c8eff6dfeb50b91cced9fa5e8768955fe3124441"}
,"C:\\Users\\carri\\Desktop\\NeoBank\\src\\modules\\Document\\components\\Code\\Code.css": {"path":"C:\\Users\\carri\\Desktop\\NeoBank\\src\\modules\\Document\\components\\Code\\Code.css","statementMap":{"0":{"start":{"line":1,"column":20},"end":{"line":1,"column":43}},"1":{"start":{"line":3,"column":0},"end":{"line":3,"column":436}},"2":{"start":{"line":4,"column":0},"end":{"line":4,"column":20}}},"fnMap":{},"branchMap":{},"s":{"0":1,"1":1,"2":1},"f":{},"b":{},"_coverageSchema":"1a1c01bbd47fc00a2c39e90264f33305004495a9","hash":"a4f7fe05e81ee0518ab569aacd3a1d10e77bf25d"}
,"C:\\Users\\carri\\Desktop\\NeoBank\\src\\modules\\Document\\components\\Code\\Code.props.ts": {"path":"C:\\Users\\carri\\Desktop\\NeoBank\\src\\modules\\Document\\components\\Code\\Code.props.ts","statementMap":{"0":{"start":{"line":1,"column":13},"end":{"line":18,"column":2}}},"fnMap":{},"branchMap":{},"s":{"0":1},"f":{},"b":{}}
,"C:\\Users\\carri\\Desktop\\NeoBank\\src\\modules\\Document\\components\\Code\\Code.tsx": {"path":"C:\\Users\\carri\\Desktop\\NeoBank\\src\\modules\\Document\\components\\Code\\Code.tsx","statementMap":{"0":{"start":{"line":1,"column":0},"end":{"line":1,"column":51}},"1":{"start":{"line":2,"column":0},"end":{"line":2,"column":20}},"2":{"start":{"line":3,"column":0},"end":{"line":3,"column":46}},"3":{"start":{"line":4,"column":0},"end":{"line":4,"column":58}},"4":{"start":{"line":5,"column":0},"end":{"line":5,"column":70}},"5":{"start":{"line":6,"column":0},"end":{"line":6,"column":85}},"6":{"start":{"line":7,"column":0},"end":{"line":7,"column":37}},"7":{"start":{"line":10,"column":50},"end":{"line":10,"column":105}},"8":{"start":{"line":12,"column":2},"end":{"line":20,"column":9}},"9":{"start":{"line":13,"column":37},"end":{"line":15,"column":5}},"10":{"start":{"line":14,"column":6},"end":{"line":14,"column":58}},"11":{"start":{"line":16,"column":4},"end":{"line":16,"column":76}},"12":{"start":{"line":17,"column":4},"end":{"line":19,"column":6}},"13":{"start":{"line":18,"column":6},"end":{"line":18,"column":81}},"14":{"start":{"line":22,"column":52},"end":{"line":22,"column":61}},"15":{"start":{"line":23,"column":26},"end":{"line":23,"column":38}},"16":{"start":{"line":25,"column":2},"end":{"line":31,"column":9}},"17":{"start":{"line":26,"column":20},"end":{"line":29,"column":5}},"18":{"start":{"line":27,"column":22},"end":{"line":27,"column":47}},"19":{"start":{"line":28,"column":6},"end":{"line":28,"column":31}},"20":{"start":{"line":30,"column":4},"end":{"line":30,"column":14}},"21":{"start":{"line":33,"column":46},"end":{"line":33,"column":60}},"22":{"start":{"line":34,"column":32},"end":{"line":34,"column":44}},"23":{"start":{"line":36,"column":23},"end":{"line":42,"column":3}},"24":{"start":{"line":37,"column":27},"end":{"line":37,"column":43}},"25":{"start":{"line":38,"column":4},"end":{"line":38,"column":38}},"26":{"start":{"line":39,"column":4},"end":{"line":41,"column":null}},"27":{"start":{"line":40,"column":6},"end":{"line":40,"column":31}},"28":{"start":{"line":44,"column":26},"end":{"line":46,"column":3}},"29":{"start":{"line":45,"column":4},"end":{"line":45,"column":24}},"30":{"start":{"line":48,"column":2},"end":{"line":71,"column":4}},"31":{"start":{"line":9,"column":0},"end":{"line":9,"column":24}}},"fnMap":{"0":{"name":"Code","decl":{"start":{"line":9,"column":24},"end":{"line":9,"column":28}},"loc":{"start":{"line":9,"column":28},"end":{"line":72,"column":1}}},"1":{"name":"(anonymous_2)","decl":{"start":{"line":12,"column":12},"end":{"line":12,"column":15}},"loc":{"start":{"line":12,"column":17},"end":{"line":20,"column":3}}},"2":{"name":"(anonymous_3)","decl":{"start":{"line":13,"column":37},"end":{"line":13,"column":40}},"loc":{"start":{"line":13,"column":42},"end":{"line":15,"column":5}}},"3":{"name":"(anonymous_4)","decl":{"start":{"line":17,"column":11},"end":{"line":17,"column":14}},"loc":{"start":{"line":17,"column":16},"end":{"line":19,"column":5}}},"4":{"name":"(anonymous_5)","decl":{"start":{"line":25,"column":12},"end":{"line":25,"column":15}},"loc":{"start":{"line":25,"column":17},"end":{"line":31,"column":3}}},"5":{"name":"(anonymous_6)","decl":{"start":{"line":26,"column":20},"end":{"line":26,"column":25}},"loc":{"start":{"line":26,"column":31},"end":{"line":29,"column":5}}},"6":{"name":"(anonymous_7)","decl":{"start":{"line":36,"column":23},"end":{"line":36,"column":26}},"loc":{"start":{"line":36,"column":28},"end":{"line":42,"column":3}}},"7":{"name":"(anonymous_8)","decl":{"start":{"line":44,"column":26},"end":{"line":44,"column":27}},"loc":{"start":{"line":44,"column":46},"end":{"line":46,"column":3}}}},"branchMap":{"0":{"loc":{"start":{"line":39,"column":4},"end":{"line":41,"column":null}},"type":"if","locations":[{"start":{"line":39,"column":4},"end":{"line":41,"column":null}}]},"1":{"loc":{"start":{"line":50,"column":7},"end":{"line":68,"column":null}},"type":"cond-expr","locations":[{"start":{"line":51,"column":8},"end":{"line":51,"column":27}},{"start":{"line":53,"column":8},"end":{"line":67,"column":null}}]},"2":{"loc":{"start":{"line":66,"column":41},"end":{"line":66,"column":87}},"type":"binary-expr","locations":[{"start":{"line":66,"column":41},"end":{"line":66,"column":56}},{"start":{"line":66,"column":60},"end":{"line":66,"column":87}}]}},"s":{"0":1,"1":1,"2":1,"3":1,"4":1,"5":1,"6":1,"7":2,"8":2,"9":2,"10":0,"11":2,"12":2,"13":2,"14":2,"15":2,"16":2,"17":2,"18":2,"19":0,"20":2,"21":2,"22":2,"23":2,"24":0,"25":0,"26":0,"27":0,"28":2,"29":0,"30":2,"31":1},"f":{"0":2,"1":2,"2":0,"3":2,"4":2,"5":2,"6":0,"7":0},"b":{"0":[0],"1":[0,2],"2":[2,0]}}
,"C:\\Users\\carri\\Desktop\\NeoBank\\src\\modules\\Document\\components\\Sign\\Sign.css": {"path":"C:\\Users\\carri\\Desktop\\NeoBank\\src\\modules\\Document\\components\\Sign\\Sign.css","statementMap":{"0":{"start":{"line":1,"column":20},"end":{"line":1,"column":43}},"1":{"start":{"line":3,"column":0},"end":{"line":3,"column":672}},"2":{"start":{"line":4,"column":0},"end":{"line":4,"column":20}}},"fnMap":{},"branchMap":{},"s":{"0":1,"1":1,"2":1},"f":{},"b":{},"_coverageSchema":"1a1c01bbd47fc00a2c39e90264f33305004495a9","hash":"38d1fbdac97959a5ebde78cec63e86fb7d74b23d"}
,"C:\\Users\\carri\\Desktop\\NeoBank\\src\\modules\\Document\\components\\Sign\\Sign.tsx": {"path":"C:\\Users\\carri\\Desktop\\NeoBank\\src\\modules\\Document\\components\\Sign\\Sign.tsx","statementMap":{"0":{"start":{"line":1,"column":0},"end":{"line":1,"column":51}},"1":{"start":{"line":2,"column":0},"end":{"line":2,"column":20}},"2":{"start":{"line":3,"column":0},"end":{"line":3,"column":64}},"3":{"start":{"line":4,"column":0},"end":{"line":4,"column":58}},"4":{"start":{"line":5,"column":0},"end":{"line":5,"column":73}},"5":{"start":{"line":6,"column":0},"end":{"line":6,"column":70}},"6":{"start":{"line":9,"column":50},"end":{"line":9,"column":105}},"7":{"start":{"line":11,"column":2},"end":{"line":19,"column":9}},"8":{"start":{"line":12,"column":37},"end":{"line":14,"column":5}},"9":{"start":{"line":13,"column":6},"end":{"line":13,"column":58}},"10":{"start":{"line":15,"column":4},"end":{"line":15,"column":76}},"11":{"start":{"line":16,"column":4},"end":{"line":18,"column":6}},"12":{"start":{"line":17,"column":6},"end":{"line":17,"column":81}},"13":{"start":{"line":21,"column":36},"end":{"line":21,"column":51}},"14":{"start":{"line":23,"column":38},"end":{"line":23,"column":47}},"15":{"start":{"line":26,"column":4},"end":{"line":26,"column":30}},"16":{"start":{"line":29,"column":31},"end":{"line":31,"column":3}},"17":{"start":{"line":30,"column":4},"end":{"line":30,"column":39}},"18":{"start":{"line":32,"column":2},"end":{"line":76,"column":4}},"19":{"start":{"line":8,"column":0},"end":{"line":8,"column":24}}},"fnMap":{"0":{"name":"Sign","decl":{"start":{"line":8,"column":24},"end":{"line":8,"column":28}},"loc":{"start":{"line":8,"column":28},"end":{"line":77,"column":1}}},"1":{"name":"(anonymous_2)","decl":{"start":{"line":11,"column":12},"end":{"line":11,"column":15}},"loc":{"start":{"line":11,"column":17},"end":{"line":19,"column":3}}},"2":{"name":"(anonymous_3)","decl":{"start":{"line":12,"column":37},"end":{"line":12,"column":40}},"loc":{"start":{"line":12,"column":42},"end":{"line":14,"column":5}}},"3":{"name":"(anonymous_4)","decl":{"start":{"line":16,"column":11},"end":{"line":16,"column":14}},"loc":{"start":{"line":16,"column":16},"end":{"line":18,"column":5}}},"4":{"name":"onSubmit","decl":{"start":{"line":25,"column":11},"end":{"line":25,"column":19}},"loc":{"start":{"line":25,"column":19},"end":{"line":27,"column":3}}},"5":{"name":"(anonymous_6)","decl":{"start":{"line":29,"column":31},"end":{"line":29,"column":32}},"loc":{"start":{"line":29,"column":78},"end":{"line":31,"column":3}}}},"branchMap":{"0":{"loc":{"start":{"line":34,"column":7},"end":{"line":73,"column":null}},"type":"cond-expr","locations":[{"start":{"line":35,"column":8},"end":{"line":37,"column":null}},{"start":{"line":40,"column":8},"end":{"line":72,"column":null}}]}},"s":{"0":1,"1":1,"2":1,"3":1,"4":1,"5":1,"6":5,"7":5,"8":4,"9":0,"10":4,"11":4,"12":4,"13":5,"14":5,"15":0,"16":5,"17":1,"18":5,"19":1},"f":{"0":5,"1":4,"2":0,"3":4,"4":0,"5":1},"b":{"0":[1,4]}}
,"C:\\Users\\carri\\Desktop\\NeoBank\\src\\modules\\Document\\components\\Table\\Table.css": {"path":"C:\\Users\\carri\\Desktop\\NeoBank\\src\\modules\\Document\\components\\Table\\Table.css","statementMap":{"0":{"start":{"line":1,"column":20},"end":{"line":1,"column":43}},"1":{"start":{"line":3,"column":0},"end":{"line":3,"column":658}},"2":{"start":{"line":4,"column":0},"end":{"line":4,"column":20}}},"fnMap":{},"branchMap":{},"s":{"0":1,"1":1,"2":1},"f":{},"b":{},"_coverageSchema":"1a1c01bbd47fc00a2c39e90264f33305004495a9","hash":"95085a1ec179815ccfb724e2dad4f1979ac1777f"}
,"C:\\Users\\carri\\Desktop\\NeoBank\\src\\modules\\Document\\components\\Table\\Table.tsx": {"path":"C:\\Users\\carri\\Desktop\\NeoBank\\src\\modules\\Document\\components\\Table\\Table.tsx","statementMap":{"0":{"start":{"line":1,"column":0},"end":{"line":1,"column":51}},"1":{"start":{"line":2,"column":0},"end":{"line":2,"column":21}},"2":{"start":{"line":3,"column":0},"end":{"line":3,"column":70}},"3":{"start":{"line":4,"column":0},"end":{"line":4,"column":60}},"4":{"start":{"line":5,"column":0},"end":{"line":5,"column":58}},"5":{"start":{"line":6,"column":0},"end":{"line":6,"column":73}},"6":{"start":{"line":10,"column":50},"end":{"line":10,"column":105}},"7":{"start":{"line":12,"column":2},"end":{"line":20,"column":9}},"8":{"start":{"line":13,"column":37},"end":{"line":15,"column":5}},"9":{"start":{"line":14,"column":6},"end":{"line":14,"column":58}},"10":{"start":{"line":16,"column":4},"end":{"line":16,"column":76}},"11":{"start":{"line":17,"column":4},"end":{"line":19,"column":6}},"12":{"start":{"line":18,"column":6},"end":{"line":18,"column":81}},"13":{"start":{"line":22,"column":36},"end":{"line":22,"column":51}},"14":{"start":{"line":24,"column":31},"end":{"line":26,"column":3}},"15":{"start":{"line":25,"column":4},"end":{"line":25,"column":39}},"16":{"start":{"line":28,"column":40},"end":{"line":28,"column":49}},"17":{"start":{"line":30,"column":19},"end":{"line":33,"column":3}},"18":{"start":{"line":31,"column":4},"end":{"line":31,"column":23}},"19":{"start":{"line":32,"column":4},"end":{"line":32,"column":32}},"20":{"start":{"line":35,"column":25},"end":{"line":35,"column":57}},"21":{"start":{"line":39,"column":2},"end":{"line":44,"column":null}},"22":{"start":{"line":40,"column":25},"end":{"line":40,"column":51}},"23":{"start":{"line":41,"column":4},"end":{"line":41,"column":58}},"24":{"start":{"line":43,"column":4},"end":{"line":43,"column":25}},"25":{"start":{"line":46,"column":41},"end":{"line":46,"column":91}},"26":{"start":{"line":47,"column":30},"end":{"line":49,"column":14}},"27":{"start":{"line":51,"column":21},"end":{"line":77,"column":3}},"28":{"start":{"line":54,"column":4},"end":{"line":75,"column":null}},"29":{"start":{"line":55,"column":6},"end":{"line":55,"column":50}},"30":{"start":{"line":57,"column":6},"end":{"line":74,"column":8}},"31":{"start":{"line":59,"column":10},"end":{"line":72,"column":null}},"32":{"start":{"line":61,"column":14},"end":{"line":61,"column":41}},"33":{"start":{"line":63,"column":14},"end":{"line":63,"column":51}},"34":{"start":{"line":65,"column":14},"end":{"line":65,"column":59}},"35":{"start":{"line":67,"column":14},"end":{"line":67,"column":59}},"36":{"start":{"line":69,"column":14},"end":{"line":69,"column":53}},"37":{"start":{"line":71,"column":14},"end":{"line":71,"column":55}},"38":{"start":{"line":76,"column":4},"end":{"line":76,"column":22}},"39":{"start":{"line":79,"column":40},"end":{"line":79,"column":55}},"40":{"start":{"line":81,"column":20},"end":{"line":83,"column":3}},"41":{"start":{"line":82,"column":4},"end":{"line":82,"column":25}},"42":{"start":{"line":85,"column":21},"end":{"line":87,"column":3}},"43":{"start":{"line":86,"column":4},"end":{"line":86,"column":26}},"44":{"start":{"line":89,"column":2},"end":{"line":149,"column":4}},"45":{"start":{"line":107,"column":37},"end":{"line":107,"column":57}},"46":{"start":{"line":108,"column":37},"end":{"line":108,"column":55}},"47":{"start":{"line":109,"column":37},"end":{"line":109,"column":63}},"48":{"start":{"line":112,"column":37},"end":{"line":112,"column":66}},"49":{"start":{"line":115,"column":37},"end":{"line":115,"column":62}},"50":{"start":{"line":116,"column":37},"end":{"line":116,"column":64}},"51":{"start":{"line":123,"column":18},"end":{"line":123,"column":null}},"52":{"start":{"line":9,"column":0},"end":{"line":9,"column":24}}},"fnMap":{"0":{"name":"Table","decl":{"start":{"line":9,"column":24},"end":{"line":9,"column":29}},"loc":{"start":{"line":9,"column":29},"end":{"line":150,"column":1}}},"1":{"name":"(anonymous_2)","decl":{"start":{"line":12,"column":12},"end":{"line":12,"column":15}},"loc":{"start":{"line":12,"column":17},"end":{"line":20,"column":3}}},"2":{"name":"(anonymous_3)","decl":{"start":{"line":13,"column":37},"end":{"line":13,"column":40}},"loc":{"start":{"line":13,"column":42},"end":{"line":15,"column":5}}},"3":{"name":"(anonymous_4)","decl":{"start":{"line":17,"column":11},"end":{"line":17,"column":14}},"loc":{"start":{"line":17,"column":16},"end":{"line":19,"column":5}}},"4":{"name":"(anonymous_5)","decl":{"start":{"line":24,"column":31},"end":{"line":24,"column":32}},"loc":{"start":{"line":24,"column":78},"end":{"line":26,"column":3}}},"5":{"name":"(anonymous_6)","decl":{"start":{"line":30,"column":19},"end":{"line":30,"column":20}},"loc":{"start":{"line":30,"column":61},"end":{"line":33,"column":3}}},"6":{"name":"(anonymous_7)","decl":{"start":{"line":51,"column":21},"end":{"line":51,"column":null}},"loc":{"start":{"line":53,"column":6},"end":{"line":77,"column":3}}},"7":{"name":"(anonymous_8)","decl":{"start":{"line":58,"column":38},"end":{"line":58,"column":39}},"loc":{"start":{"line":58,"column":47},"end":{"line":73,"column":9}}},"8":{"name":"(anonymous_9)","decl":{"start":{"line":81,"column":20},"end":{"line":81,"column":23}},"loc":{"start":{"line":81,"column":25},"end":{"line":83,"column":3}}},"9":{"name":"(anonymous_10)","decl":{"start":{"line":85,"column":21},"end":{"line":85,"column":24}},"loc":{"start":{"line":85,"column":26},"end":{"line":87,"column":3}}},"10":{"name":"(anonymous_11)","decl":{"start":{"line":107,"column":31},"end":{"line":107,"column":34}},"loc":{"start":{"line":107,"column":37},"end":{"line":107,"column":57}}},"11":{"name":"(anonymous_12)","decl":{"start":{"line":108,"column":31},"end":{"line":108,"column":34}},"loc":{"start":{"line":108,"column":37},"end":{"line":108,"column":55}}},"12":{"name":"(anonymous_13)","decl":{"start":{"line":109,"column":31},"end":{"line":109,"column":34}},"loc":{"start":{"line":109,"column":37},"end":{"line":109,"column":63}}},"13":{"name":"(anonymous_14)","decl":{"start":{"line":112,"column":31},"end":{"line":112,"column":34}},"loc":{"start":{"line":112,"column":37},"end":{"line":112,"column":66}}},"14":{"name":"(anonymous_15)","decl":{"start":{"line":115,"column":31},"end":{"line":115,"column":34}},"loc":{"start":{"line":115,"column":37},"end":{"line":115,"column":62}}},"15":{"name":"(anonymous_16)","decl":{"start":{"line":116,"column":31},"end":{"line":116,"column":34}},"loc":{"start":{"line":116,"column":37},"end":{"line":116,"column":64}}},"16":{"name":"(anonymous_17)","decl":{"start":{"line":122,"column":41},"end":{"line":122,"column":42}},"loc":{"start":{"line":123,"column":18},"end":{"line":123,"column":null}}}},"branchMap":{"0":{"loc":{"start":{"line":39,"column":2},"end":{"line":44,"column":null}},"type":"if","locations":[{"start":{"line":39,"column":2},"end":{"line":44,"column":null}},{"start":{"line":42,"column":9},"end":{"line":44,"column":null}}]},"1":{"loc":{"start":{"line":54,"column":4},"end":{"line":75,"column":null}},"type":"if","locations":[{"start":{"line":54,"column":4},"end":{"line":75,"column":null}},{"start":{"line":56,"column":11},"end":{"line":75,"column":null}}]},"2":{"loc":{"start":{"line":59,"column":10},"end":{"line":72,"column":null}},"type":"switch","locations":[{"start":{"line":60,"column":12},"end":{"line":61,"column":41}},{"start":{"line":62,"column":12},"end":{"line":63,"column":51}},{"start":{"line":64,"column":12},"end":{"line":65,"column":59}},{"start":{"line":66,"column":12},"end":{"line":67,"column":59}},{"start":{"line":68,"column":12},"end":{"line":69,"column":53}},{"start":{"line":70,"column":12},"end":{"line":71,"column":55}}]},"3":{"loc":{"start":{"line":91,"column":7},"end":{"line":145,"column":null}},"type":"cond-expr","locations":[{"start":{"line":92,"column":8},"end":{"line":92,"column":108}},{"start":{"line":94,"column":8},"end":{"line":144,"column":null}}]},"4":{"loc":{"start":{"line":107,"column":66},"end":{"line":107,"column":97}},"type":"cond-expr","locations":[{"start":{"line":107,"column":88},"end":{"line":107,"column":91}},{"start":{"line":107,"column":94},"end":{"line":107,"column":97}}]},"5":{"loc":{"start":{"line":108,"column":62},"end":{"line":108,"column":91}},"type":"cond-expr","locations":[{"start":{"line":108,"column":82},"end":{"line":108,"column":85}},{"start":{"line":108,"column":88},"end":{"line":108,"column":91}}]},"6":{"loc":{"start":{"line":110,"column":34},"end":{"line":110,"column":71}},"type":"cond-expr","locations":[{"start":{"line":110,"column":62},"end":{"line":110,"column":65}},{"start":{"line":110,"column":68},"end":{"line":110,"column":71}}]},"7":{"loc":{"start":{"line":113,"column":37},"end":{"line":113,"column":77}},"type":"cond-expr","locations":[{"start":{"line":113,"column":68},"end":{"line":113,"column":71}},{"start":{"line":113,"column":74},"end":{"line":113,"column":77}}]},"8":{"loc":{"start":{"line":115,"column":77},"end":{"line":115,"column":113}},"type":"cond-expr","locations":[{"start":{"line":115,"column":104},"end":{"line":115,"column":107}},{"start":{"line":115,"column":110},"end":{"line":115,"column":113}}]},"9":{"loc":{"start":{"line":117,"column":35},"end":{"line":117,"column":73}},"type":"cond-expr","locations":[{"start":{"line":117,"column":64},"end":{"line":117,"column":67}},{"start":{"line":117,"column":70},"end":{"line":117,"column":73}}]}},"s":{"0":1,"1":1,"2":1,"3":1,"4":1,"5":1,"6":17,"7":17,"8":10,"9":0,"10":10,"11":10,"12":10,"13":17,"14":17,"15":0,"16":17,"17":17,"18":0,"19":0,"20":17,"21":17,"22":0,"23":0,"24":17,"25":17,"26":17,"27":17,"28":6,"29":0,"30":6,"31":0,"32":0,"33":0,"34":0,"35":0,"36":0,"37":0,"38":6,"39":17,"40":17,"41":1,"42":17,"43":0,"44":17,"45":1,"46":1,"47":1,"48":1,"49":1,"50":1,"51":0,"52":1},"f":{"0":17,"1":10,"2":0,"3":10,"4":0,"5":0,"6":6,"7":0,"8":1,"9":0,"10":1,"11":1,"12":1,"13":1,"14":1,"15":1,"16":0},"b":{"0":[0,17],"1":[0,6],"2":[0,0,0,0,0,0],"3":[1,16],"4":[1,15],"5":[1,15],"6":[1,15],"7":[1,15],"8":[1,15],"9":[1,15]}}
,"C:\\Users\\carri\\Desktop\\NeoBank\\src\\modules\\Loan\\components\\Form\\Form.css": {"path":"C:\\Users\\carri\\Desktop\\NeoBank\\src\\modules\\Loan\\components\\Form\\Form.css","statementMap":{"0":{"start":{"line":1,"column":20},"end":{"line":1,"column":43}},"1":{"start":{"line":3,"column":0},"end":{"line":3,"column":2227}},"2":{"start":{"line":4,"column":0},"end":{"line":4,"column":20}}},"fnMap":{},"branchMap":{},"s":{"0":2,"1":2,"2":2},"f":{},"b":{},"_coverageSchema":"1a1c01bbd47fc00a2c39e90264f33305004495a9","hash":"ee6872d5ea07eb295df32c8540ab339fdbf31714"}
,"C:\\Users\\carri\\Desktop\\NeoBank\\src\\modules\\Loan\\components\\Form\\Form.utils.ts": {"path":"C:\\Users\\carri\\Desktop\\NeoBank\\src\\modules\\Loan\\components\\Form\\Form.utils.ts","statementMap":{"0":{"start":{"line":4,"column":13},"end":{"line":13,"column":2}},"1":{"start":{"line":15,"column":13},"end":{"line":30,"column":2}}},"fnMap":{},"branchMap":{},"s":{"0":3,"1":3},"f":{},"b":{}}
,"C:\\Users\\carri\\Desktop\\NeoBank\\src\\modules\\Loan\\components\\FormBtn\\FormBtn.css": {"path":"C:\\Users\\carri\\Desktop\\NeoBank\\src\\modules\\Loan\\components\\FormBtn\\FormBtn.css","statementMap":{"0":{"start":{"line":1,"column":20},"end":{"line":1,"column":43}},"1":{"start":{"line":3,"column":0},"end":{"line":3,"column":243}},"2":{"start":{"line":4,"column":0},"end":{"line":4,"column":20}}},"fnMap":{},"branchMap":{},"s":{"0":2,"1":2,"2":2},"f":{},"b":{},"_coverageSchema":"1a1c01bbd47fc00a2c39e90264f33305004495a9","hash":"b17734b3aaac600f951edc2a340bc5abd404a3c1"}
,"C:\\Users\\carri\\Desktop\\NeoBank\\src\\modules\\Loan\\components\\FormBtn\\FormBtn.tsx": {"path":"C:\\Users\\carri\\Desktop\\NeoBank\\src\\modules\\Loan\\components\\FormBtn\\FormBtn.tsx","statementMap":{"0":{"start":{"line":2,"column":0},"end":{"line":2,"column":23}},"1":{"start":{"line":5,"column":0},"end":{"line":7,"column":2}},"2":{"start":{"line":10,"column":2},"end":{"line":14,"column":4}},"3":{"start":{"line":9,"column":0},"end":{"line":9,"column":24}}},"fnMap":{"0":{"name":"FormBtn","decl":{"start":{"line":9,"column":24},"end":{"line":9,"column":31}},"loc":{"start":{"line":9,"column":66},"end":{"line":15,"column":1}}}},"branchMap":{"0":{"loc":{"start":{"line":11,"column":35},"end":{"line":11,"column":72}},"type":"cond-expr","locations":[{"start":{"line":11,"column":48},"end":{"line":11,"column":67}},{"start":{"line":11,"column":70},"end":{"line":11,"column":72}}]}},"s":{"0":2,"1":2,"2":7,"3":2},"f":{"0":7},"b":{"0":[0,7]}}
,"C:\\Users\\carri\\Desktop\\NeoBank\\src\\modules\\Loan\\components\\FormItem\\FormItem.css": {"path":"C:\\Users\\carri\\Desktop\\NeoBank\\src\\modules\\Loan\\components\\FormItem\\FormItem.css","statementMap":{"0":{"start":{"line":1,"column":20},"end":{"line":1,"column":43}},"1":{"start":{"line":3,"column":0},"end":{"line":3,"column":1613}},"2":{"start":{"line":4,"column":0},"end":{"line":4,"column":20}}},"fnMap":{},"branchMap":{},"s":{"0":2,"1":2,"2":2},"f":{},"b":{},"_coverageSchema":"1a1c01bbd47fc00a2c39e90264f33305004495a9","hash":"07a2921fbe57a7916bcddebdb77db679f783b806"}
,"C:\\Users\\carri\\Desktop\\NeoBank\\src\\modules\\Loan\\components\\PrescoringForm\\PrescoringForm.tsx": {"path":"C:\\Users\\carri\\Desktop\\NeoBank\\src\\modules\\Loan\\components\\PrescoringForm\\PrescoringForm.tsx","statementMap":{"0":{"start":{"line":2,"column":0},"end":{"line":2,"column":38}},"1":{"start":{"line":3,"column":0},"end":{"line":3,"column":26}},"2":{"start":{"line":4,"column":0},"end":{"line":4,"column":34}},"3":{"start":{"line":5,"column":0},"end":{"line":5,"column":54}},"4":{"start":{"line":6,"column":0},"end":{"line":6,"column":54}},"5":{"start":{"line":7,"column":0},"end":{"line":7,"column":54}},"6":{"start":{"line":8,"column":0},"end":{"line":8,"column":71}},"7":{"start":{"line":9,"column":0},"end":{"line":9,"column":41}},"8":{"start":{"line":10,"column":0},"end":{"line":10,"column":73}},"9":{"start":{"line":12,"column":0},"end":{"line":12,"column":92}},"10":{"start":{"line":13,"column":0},"end":{"line":13,"column":52}},"11":{"start":{"line":14,"column":0},"end":{"line":14,"column":62}},"12":{"start":{"line":15,"column":0},"end":{"line":15,"column":70}},"13":{"start":{"line":16,"column":0},"end":{"line":16,"column":79}},"14":{"start":{"line":19,"column":44},"end":{"line":19,"column":53}},"15":{"start":{"line":21,"column":53},"end":{"line":25,"column":4}},"16":{"start":{"line":27,"column":27},"end":{"line":29,"column":3}},"17":{"start":{"line":28,"column":4},"end":{"line":28,"column":32}},"18":{"start":{"line":31,"column":28},"end":{"line":33,"column":3}},"19":{"start":{"line":32,"column":4},"end":{"line":32,"column":33}},"20":{"start":{"line":35,"column":30},"end":{"line":37,"column":3}},"21":{"start":{"line":36,"column":4},"end":{"line":36,"column":34}},"22":{"start":{"line":39,"column":24},"end":{"line":41,"column":3}},"23":{"start":{"line":40,"column":4},"end":{"line":40,"column":29}},"24":{"start":{"line":43,"column":28},"end":{"line":47,"column":3}},"25":{"start":{"line":44,"column":25},"end":{"line":44,"column":54}},"26":{"start":{"line":45,"column":20},"end":{"line":45,"column":44}},"27":{"start":{"line":46,"column":4},"end":{"line":46,"column":92}},"28":{"start":{"line":49,"column":33},"end":{"line":51,"column":3}},"29":{"start":{"line":50,"column":4},"end":{"line":50,"column":38}},"30":{"start":{"line":53,"column":33},"end":{"line":55,"column":3}},"31":{"start":{"line":54,"column":4},"end":{"line":54,"column":38}},"32":{"start":{"line":57,"column":23},"end":{"line":59,"column":3}},"33":{"start":{"line":58,"column":4},"end":{"line":58,"column":68}},"34":{"start":{"line":61,"column":19},"end":{"line":66,"column":3}},"35":{"start":{"line":62,"column":4},"end":{"line":65,"column":9}},"36":{"start":{"line":63,"column":6},"end":{"line":63,"column":33}},"37":{"start":{"line":64,"column":6},"end":{"line":64,"column":14}},"38":{"start":{"line":68,"column":2},"end":{"line":261,"column":4}},"39":{"start":{"line":92,"column":16},"end":{"line":106,"column":null}},"40":{"start":{"line":103,"column":20},"end":{"line":103,"column":44}},"41":{"start":{"line":104,"column":20},"end":{"line":104,"column":29}},"42":{"start":{"line":114,"column":16},"end":{"line":128,"column":null}},"43":{"start":{"line":125,"column":20},"end":{"line":125,"column":45}},"44":{"start":{"line":126,"column":20},"end":{"line":126,"column":29}},"45":{"start":{"line":136,"column":16},"end":{"line":144,"column":null}},"46":{"start":{"line":152,"column":16},"end":{"line":162,"column":null}},"47":{"start":{"line":160,"column":20},"end":{"line":160,"column":40}},"48":{"start":{"line":161,"column":20},"end":{"line":161,"column":29}},"49":{"start":{"line":170,"column":16},"end":{"line":184,"column":null}},"50":{"start":{"line":181,"column":20},"end":{"line":181,"column":41}},"51":{"start":{"line":182,"column":20},"end":{"line":182,"column":29}},"52":{"start":{"line":192,"column":16},"end":{"line":206,"column":null}},"53":{"start":{"line":203,"column":20},"end":{"line":203,"column":45}},"54":{"start":{"line":204,"column":20},"end":{"line":204,"column":29}},"55":{"start":{"line":214,"column":16},"end":{"line":228,"column":null}},"56":{"start":{"line":225,"column":20},"end":{"line":225,"column":50}},"57":{"start":{"line":226,"column":20},"end":{"line":226,"column":29}},"58":{"start":{"line":236,"column":16},"end":{"line":250,"column":null}},"59":{"start":{"line":247,"column":20},"end":{"line":247,"column":50}},"60":{"start":{"line":248,"column":20},"end":{"line":248,"column":29}},"61":{"start":{"line":264,"column":13},"end":{"line":264,"column":60}}},"fnMap":{"0":{"name":"PrescoringFormProto","decl":{"start":{"line":18,"column":9},"end":{"line":18,"column":28}},"loc":{"start":{"line":18,"column":28},"end":{"line":262,"column":1}}},"1":{"name":"(anonymous_2)","decl":{"start":{"line":27,"column":27},"end":{"line":27,"column":28}},"loc":{"start":{"line":27,"column":45},"end":{"line":29,"column":3}}},"2":{"name":"(anonymous_3)","decl":{"start":{"line":31,"column":28},"end":{"line":31,"column":29}},"loc":{"start":{"line":31,"column":46},"end":{"line":33,"column":3}}},"3":{"name":"(anonymous_4)","decl":{"start":{"line":35,"column":30},"end":{"line":35,"column":31}},"loc":{"start":{"line":35,"column":48},"end":{"line":37,"column":3}}},"4":{"name":"(anonymous_5)","decl":{"start":{"line":39,"column":24},"end":{"line":39,"column":25}},"loc":{"start":{"line":39,"column":42},"end":{"line":41,"column":3}}},"5":{"name":"(anonymous_6)","decl":{"start":{"line":43,"column":28},"end":{"line":43,"column":29}},"loc":{"start":{"line":43,"column":46},"end":{"line":47,"column":3}}},"6":{"name":"(anonymous_7)","decl":{"start":{"line":49,"column":33},"end":{"line":49,"column":34}},"loc":{"start":{"line":49,"column":51},"end":{"line":51,"column":3}}},"7":{"name":"(anonymous_8)","decl":{"start":{"line":53,"column":33},"end":{"line":53,"column":34}},"loc":{"start":{"line":53,"column":51},"end":{"line":55,"column":3}}},"8":{"name":"(anonymous_9)","decl":{"start":{"line":57,"column":23},"end":{"line":57,"column":24}},"loc":{"start":{"line":57,"column":70},"end":{"line":59,"column":3}}},"9":{"name":"(anonymous_10)","decl":{"start":{"line":61,"column":19},"end":{"line":61,"column":22}},"loc":{"start":{"line":61,"column":24},"end":{"line":66,"column":3}}},"10":{"name":"(anonymous_11)","decl":{"start":{"line":62,"column":17},"end":{"line":62,"column":22}},"loc":{"start":{"line":62,"column":54},"end":{"line":65,"column":5}}},"11":{"name":"(anonymous_12)","decl":{"start":{"line":91,"column":22},"end":{"line":91,"column":23}},"loc":{"start":{"line":92,"column":16},"end":{"line":106,"column":null}}},"12":{"name":"(anonymous_13)","decl":{"start":{"line":102,"column":28},"end":{"line":102,"column":29}},"loc":{"start":{"line":102,"column":38},"end":{"line":105,"column":19}}},"13":{"name":"(anonymous_14)","decl":{"start":{"line":113,"column":22},"end":{"line":113,"column":23}},"loc":{"start":{"line":114,"column":16},"end":{"line":128,"column":null}}},"14":{"name":"(anonymous_15)","decl":{"start":{"line":124,"column":28},"end":{"line":124,"column":29}},"loc":{"start":{"line":124,"column":38},"end":{"line":127,"column":19}}},"15":{"name":"(anonymous_16)","decl":{"start":{"line":135,"column":22},"end":{"line":135,"column":23}},"loc":{"start":{"line":136,"column":16},"end":{"line":144,"column":null}}},"16":{"name":"(anonymous_17)","decl":{"start":{"line":151,"column":22},"end":{"line":151,"column":23}},"loc":{"start":{"line":152,"column":16},"end":{"line":162,"column":null}}},"17":{"name":"(anonymous_18)","decl":{"start":{"line":159,"column":28},"end":{"line":159,"column":29}},"loc":{"start":{"line":159,"column":38},"end":{"line":162,"column":19}}},"18":{"name":"(anonymous_19)","decl":{"start":{"line":169,"column":22},"end":{"line":169,"column":23}},"loc":{"start":{"line":170,"column":16},"end":{"line":184,"column":null}}},"19":{"name":"(anonymous_20)","decl":{"start":{"line":180,"column":28},"end":{"line":180,"column":29}},"loc":{"start":{"line":180,"column":38},"end":{"line":183,"column":19}}},"20":{"name":"(anonymous_21)","decl":{"start":{"line":191,"column":22},"end":{"line":191,"column":23}},"loc":{"start":{"line":192,"column":16},"end":{"line":206,"column":null}}},"21":{"name":"(anonymous_22)","decl":{"start":{"line":202,"column":28},"end":{"line":202,"column":29}},"loc":{"start":{"line":202,"column":38},"end":{"line":205,"column":19}}},"22":{"name":"(anonymous_23)","decl":{"start":{"line":213,"column":22},"end":{"line":213,"column":23}},"loc":{"start":{"line":214,"column":16},"end":{"line":228,"column":null}}},"23":{"name":"(anonymous_24)","decl":{"start":{"line":224,"column":28},"end":{"line":224,"column":29}},"loc":{"start":{"line":224,"column":38},"end":{"line":227,"column":19}}},"24":{"name":"(anonymous_25)","decl":{"start":{"line":235,"column":22},"end":{"line":235,"column":23}},"loc":{"start":{"line":236,"column":16},"end":{"line":250,"column":null}}},"25":{"name":"(anonymous_26)","decl":{"start":{"line":246,"column":28},"end":{"line":246,"column":29}},"loc":{"start":{"line":246,"column":38},"end":{"line":249,"column":19}}}},"branchMap":{"0":{"loc":{"start":{"line":46,"column":4},"end":{"line":46,"column":91}},"type":"cond-expr","locations":[{"start":{"line":46,"column":35},"end":{"line":46,"column":63}},{"start":{"line":46,"column":66},"end":{"line":46,"column":91}}]},"1":{"loc":{"start":{"line":99,"column":54},"end":{"line":99,"column":88}},"type":"cond-expr","locations":[{"start":{"line":99,"column":71},"end":{"line":99,"column":83}},{"start":{"line":99,"column":86},"end":{"line":99,"column":88}}]},"2":{"loc":{"start":{"line":99,"column":54},"end":{"line":99,"column":68}},"type":"cond-expr","locations":[{"start":{"line":99,"column":59},"end":{"line":99,"column":61}},{"start":{"line":99,"column":54},"end":{"line":99,"column":68}}]},"3":{"loc":{"start":{"line":99,"column":54},"end":{"line":99,"column":61}},"type":"binary-expr","locations":[{"start":{"line":99,"column":54},"end":{"line":99,"column":61}},{"start":{"line":99,"column":54},"end":{"line":99,"column":61}}]},"4":{"loc":{"start":{"line":100,"column":20},"end":{"line":100,"column":null}},"type":"cond-expr","locations":[{"start":{"line":100,"column":40},"end":{"line":100,"column":52}},{"start":{"line":100,"column":55},"end":{"line":100,"column":null}}]},"5":{"loc":{"start":{"line":106,"column":29},"end":{"line":106,"column":43}},"type":"cond-expr","locations":[{"start":{"line":106,"column":34},"end":{"line":106,"column":36}},{"start":{"line":106,"column":29},"end":{"line":106,"column":43}}]},"6":{"loc":{"start":{"line":106,"column":29},"end":{"line":106,"column":36}},"type":"binary-expr","locations":[{"start":{"line":106,"column":29},"end":{"line":106,"column":36}},{"start":{"line":106,"column":29},"end":{"line":106,"column":36}}]},"7":{"loc":{"start":{"line":121,"column":54},"end":{"line":121,"column":88}},"type":"cond-expr","locations":[{"start":{"line":121,"column":71},"end":{"line":121,"column":83}},{"start":{"line":121,"column":86},"end":{"line":121,"column":88}}]},"8":{"loc":{"start":{"line":121,"column":54},"end":{"line":121,"column":68}},"type":"cond-expr","locations":[{"start":{"line":121,"column":59},"end":{"line":121,"column":61}},{"start":{"line":121,"column":54},"end":{"line":121,"column":68}}]},"9":{"loc":{"start":{"line":121,"column":54},"end":{"line":121,"column":61}},"type":"binary-expr","locations":[{"start":{"line":121,"column":54},"end":{"line":121,"column":61}},{"start":{"line":121,"column":54},"end":{"line":121,"column":61}}]},"10":{"loc":{"start":{"line":122,"column":20},"end":{"line":122,"column":null}},"type":"cond-expr","locations":[{"start":{"line":122,"column":40},"end":{"line":122,"column":52}},{"start":{"line":122,"column":55},"end":{"line":122,"column":null}}]},"11":{"loc":{"start":{"line":128,"column":29},"end":{"line":128,"column":43}},"type":"cond-expr","locations":[{"start":{"line":128,"column":34},"end":{"line":128,"column":36}},{"start":{"line":128,"column":29},"end":{"line":128,"column":43}}]},"12":{"loc":{"start":{"line":128,"column":29},"end":{"line":128,"column":36}},"type":"binary-expr","locations":[{"start":{"line":128,"column":29},"end":{"line":128,"column":36}},{"start":{"line":128,"column":29},"end":{"line":128,"column":36}}]},"13":{"loc":{"start":{"line":177,"column":54},"end":{"line":177,"column":88}},"type":"cond-expr","locations":[{"start":{"line":177,"column":71},"end":{"line":177,"column":83}},{"start":{"line":177,"column":86},"end":{"line":177,"column":88}}]},"14":{"loc":{"start":{"line":177,"column":54},"end":{"line":177,"column":68}},"type":"cond-expr","locations":[{"start":{"line":177,"column":59},"end":{"line":177,"column":61}},{"start":{"line":177,"column":54},"end":{"line":177,"column":68}}]},"15":{"loc":{"start":{"line":177,"column":54},"end":{"line":177,"column":61}},"type":"binary-expr","locations":[{"start":{"line":177,"column":54},"end":{"line":177,"column":61}},{"start":{"line":177,"column":54},"end":{"line":177,"column":61}}]},"16":{"loc":{"start":{"line":178,"column":20},"end":{"line":178,"column":null}},"type":"cond-expr","locations":[{"start":{"line":178,"column":59},"end":{"line":178,"column":71}},{"start":{"line":178,"column":74},"end":{"line":178,"column":null}}]},"17":{"loc":{"start":{"line":178,"column":20},"end":{"line":178,"column":57}},"type":"binary-expr","locations":[{"start":{"line":178,"column":20},"end":{"line":178,"column":37}},{"start":{"line":178,"column":41},"end":{"line":178,"column":57}}]},"18":{"loc":{"start":{"line":178,"column":42},"end":{"line":178,"column":56}},"type":"cond-expr","locations":[{"start":{"line":178,"column":47},"end":{"line":178,"column":49}},{"start":{"line":178,"column":42},"end":{"line":178,"column":56}}]},"19":{"loc":{"start":{"line":178,"column":42},"end":{"line":178,"column":49}},"type":"binary-expr","locations":[{"start":{"line":178,"column":42},"end":{"line":178,"column":49}},{"start":{"line":178,"column":42},"end":{"line":178,"column":49}}]},"20":{"loc":{"start":{"line":184,"column":29},"end":{"line":184,"column":43}},"type":"cond-expr","locations":[{"start":{"line":184,"column":34},"end":{"line":184,"column":36}},{"start":{"line":184,"column":29},"end":{"line":184,"column":43}}]},"21":{"loc":{"start":{"line":184,"column":29},"end":{"line":184,"column":36}},"type":"binary-expr","locations":[{"start":{"line":184,"column":29},"end":{"line":184,"column":36}},{"start":{"line":184,"column":29},"end":{"line":184,"column":36}}]},"22":{"loc":{"start":{"line":199,"column":54},"end":{"line":199,"column":88}},"type":"cond-expr","locations":[{"start":{"line":199,"column":71},"end":{"line":199,"column":83}},{"start":{"line":199,"column":86},"end":{"line":199,"column":88}}]},"23":{"loc":{"start":{"line":199,"column":54},"end":{"line":199,"column":68}},"type":"cond-expr","locations":[{"start":{"line":199,"column":59},"end":{"line":199,"column":61}},{"start":{"line":199,"column":54},"end":{"line":199,"column":68}}]},"24":{"loc":{"start":{"line":199,"column":54},"end":{"line":199,"column":61}},"type":"binary-expr","locations":[{"start":{"line":199,"column":54},"end":{"line":199,"column":61}},{"start":{"line":199,"column":54},"end":{"line":199,"column":61}}]},"25":{"loc":{"start":{"line":200,"column":20},"end":{"line":200,"column":null}},"type":"cond-expr","locations":[{"start":{"line":200,"column":42},"end":{"line":200,"column":54}},{"start":{"line":200,"column":57},"end":{"line":200,"column":null}}]},"26":{"loc":{"start":{"line":206,"column":29},"end":{"line":206,"column":43}},"type":"cond-expr","locations":[{"start":{"line":206,"column":34},"end":{"line":206,"column":36}},{"start":{"line":206,"column":29},"end":{"line":206,"column":43}}]},"27":{"loc":{"start":{"line":206,"column":29},"end":{"line":206,"column":36}},"type":"binary-expr","locations":[{"start":{"line":206,"column":29},"end":{"line":206,"column":36}},{"start":{"line":206,"column":29},"end":{"line":206,"column":36}}]},"28":{"loc":{"start":{"line":221,"column":54},"end":{"line":221,"column":88}},"type":"cond-expr","locations":[{"start":{"line":221,"column":71},"end":{"line":221,"column":83}},{"start":{"line":221,"column":86},"end":{"line":221,"column":88}}]},"29":{"loc":{"start":{"line":221,"column":54},"end":{"line":221,"column":68}},"type":"cond-expr","locations":[{"start":{"line":221,"column":59},"end":{"line":221,"column":61}},{"start":{"line":221,"column":54},"end":{"line":221,"column":68}}]},"30":{"loc":{"start":{"line":221,"column":54},"end":{"line":221,"column":61}},"type":"binary-expr","locations":[{"start":{"line":221,"column":54},"end":{"line":221,"column":61}},{"start":{"line":221,"column":54},"end":{"line":221,"column":61}}]},"31":{"loc":{"start":{"line":222,"column":20},"end":{"line":222,"column":null}},"type":"cond-expr","locations":[{"start":{"line":222,"column":41},"end":{"line":222,"column":53}},{"start":{"line":222,"column":56},"end":{"line":222,"column":null}}]},"32":{"loc":{"start":{"line":228,"column":29},"end":{"line":228,"column":43}},"type":"cond-expr","locations":[{"start":{"line":228,"column":34},"end":{"line":228,"column":36}},{"start":{"line":228,"column":29},"end":{"line":228,"column":43}}]},"33":{"loc":{"start":{"line":228,"column":29},"end":{"line":228,"column":36}},"type":"binary-expr","locations":[{"start":{"line":228,"column":29},"end":{"line":228,"column":36}},{"start":{"line":228,"column":29},"end":{"line":228,"column":36}}]},"34":{"loc":{"start":{"line":243,"column":54},"end":{"line":243,"column":88}},"type":"cond-expr","locations":[{"start":{"line":243,"column":71},"end":{"line":243,"column":83}},{"start":{"line":243,"column":86},"end":{"line":243,"column":88}}]},"35":{"loc":{"start":{"line":243,"column":54},"end":{"line":243,"column":68}},"type":"cond-expr","locations":[{"start":{"line":243,"column":59},"end":{"line":243,"column":61}},{"start":{"line":243,"column":54},"end":{"line":243,"column":68}}]},"36":{"loc":{"start":{"line":243,"column":54},"end":{"line":243,"column":61}},"type":"binary-expr","locations":[{"start":{"line":243,"column":54},"end":{"line":243,"column":61}},{"start":{"line":243,"column":54},"end":{"line":243,"column":61}}]},"37":{"loc":{"start":{"line":244,"column":20},"end":{"line":244,"column":null}},"type":"cond-expr","locations":[{"start":{"line":244,"column":41},"end":{"line":244,"column":53}},{"start":{"line":244,"column":56},"end":{"line":244,"column":null}}]},"38":{"loc":{"start":{"line":250,"column":29},"end":{"line":250,"column":43}},"type":"cond-expr","locations":[{"start":{"line":250,"column":34},"end":{"line":250,"column":36}},{"start":{"line":250,"column":29},"end":{"line":250,"column":43}}]},"39":{"loc":{"start":{"line":250,"column":29},"end":{"line":250,"column":36}},"type":"binary-expr","locations":[{"start":{"line":250,"column":29},"end":{"line":250,"column":36}},{"start":{"line":250,"column":29},"end":{"line":250,"column":36}}]}},"s":{"0":1,"1":1,"2":1,"3":1,"4":1,"5":1,"6":1,"7":1,"8":1,"9":1,"10":1,"11":1,"12":1,"13":1,"14":4,"15":4,"16":4,"17":1,"18":4,"19":0,"20":4,"21":0,"22":4,"23":1,"24":4,"25":1,"26":1,"27":1,"28":4,"29":0,"30":4,"31":0,"32":4,"33":0,"34":4,"35":0,"36":0,"37":0,"38":4,"39":5,"40":1,"41":1,"42":4,"43":0,"44":0,"45":4,"46":4,"47":0,"48":0,"49":5,"50":1,"51":1,"52":5,"53":1,"54":1,"55":4,"56":0,"57":0,"58":4,"59":0,"60":0,"61":1},"f":{"0":4,"1":1,"2":0,"3":0,"4":1,"5":1,"6":0,"7":0,"8":0,"9":0,"10":0,"11":5,"12":1,"13":4,"14":0,"15":4,"16":4,"17":0,"18":5,"19":1,"20":5,"21":1,"22":4,"23":0,"24":4,"25":0},"b":{"0":[1,0],"1":[0,5],"2":[5,0],"3":[5,5],"4":[1,4],"5":[5,0],"6":[5,5],"7":[0,4],"8":[4,0],"9":[4,4],"10":[0,4],"11":[4,0],"12":[4,4],"13":[0,5],"14":[5,0],"15":[5,5],"16":[1,4],"17":[5,1],"18":[1,0],"19":[1,1],"20":[5,0],"21":[5,5],"22":[0,5],"23":[5,0],"24":[5,5],"25":[1,4],"26":[5,0],"27":[5,5],"28":[0,4],"29":[4,0],"30":[4,4],"31":[0,4],"32":[4,0],"33":[4,4],"34":[0,4],"35":[4,0],"36":[4,4],"37":[0,4],"38":[4,0],"39":[4,4]}}
,"C:\\Users\\carri\\Desktop\\NeoBank\\src\\modules\\Loan\\components\\ScoringForm\\ScoringForm.tsx": {"path":"C:\\Users\\carri\\Desktop\\NeoBank\\src\\modules\\Loan\\components\\ScoringForm\\ScoringForm.tsx","statementMap":{"0":{"start":{"line":2,"column":0},"end":{"line":2,"column":54}},"1":{"start":{"line":3,"column":0},"end":{"line":3,"column":54}},"2":{"start":{"line":4,"column":0},"end":{"line":4,"column":41}},"3":{"start":{"line":5,"column":0},"end":{"line":5,"column":60}},"4":{"start":{"line":6,"column":0},"end":{"line":6,"column":62}},"5":{"start":{"line":7,"column":0},"end":{"line":7,"column":70}},"6":{"start":{"line":8,"column":0},"end":{"line":8,"column":71}},"7":{"start":{"line":9,"column":0},"end":{"line":9,"column":73}},"8":{"start":{"line":10,"column":0},"end":{"line":10,"column":null}},"9":{"start":{"line":17,"column":0},"end":{"line":17,"column":86}},"10":{"start":{"line":19,"column":0},"end":{"line":19,"column":26}},"11":{"start":{"line":20,"column":0},"end":{"line":20,"column":34}},"12":{"start":{"line":23,"column":45},"end":{"line":23,"column":54}},"13":{"start":{"line":25,"column":53},"end":{"line":29,"column":4}},"14":{"start":{"line":31,"column":25},"end":{"line":33,"column":3}},"15":{"start":{"line":32,"column":4},"end":{"line":32,"column":60}},"16":{"start":{"line":35,"column":26},"end":{"line":37,"column":3}},"17":{"start":{"line":36,"column":4},"end":{"line":36,"column":67}},"18":{"start":{"line":39,"column":29},"end":{"line":41,"column":3}},"19":{"start":{"line":40,"column":4},"end":{"line":40,"column":69}},"20":{"start":{"line":43,"column":28},"end":{"line":47,"column":3}},"21":{"start":{"line":44,"column":25},"end":{"line":44,"column":57}},"22":{"start":{"line":45,"column":20},"end":{"line":45,"column":47}},"23":{"start":{"line":46,"column":4},"end":{"line":46,"column":102}},"24":{"start":{"line":49,"column":30},"end":{"line":51,"column":3}},"25":{"start":{"line":50,"column":4},"end":{"line":50,"column":43}},"26":{"start":{"line":53,"column":35},"end":{"line":55,"column":3}},"27":{"start":{"line":54,"column":4},"end":{"line":54,"column":81}},"28":{"start":{"line":57,"column":30},"end":{"line":59,"column":3}},"29":{"start":{"line":58,"column":4},"end":{"line":58,"column":46}},"30":{"start":{"line":61,"column":25},"end":{"line":63,"column":3}},"31":{"start":{"line":62,"column":4},"end":{"line":62,"column":41}},"32":{"start":{"line":65,"column":27},"end":{"line":67,"column":3}},"33":{"start":{"line":66,"column":4},"end":{"line":66,"column":73}},"34":{"start":{"line":69,"column":38},"end":{"line":71,"column":3}},"35":{"start":{"line":70,"column":4},"end":{"line":70,"column":54}},"36":{"start":{"line":73,"column":40},"end":{"line":75,"column":3}},"37":{"start":{"line":74,"column":4},"end":{"line":74,"column":56}},"38":{"start":{"line":77,"column":19},"end":{"line":82,"column":3}},"39":{"start":{"line":78,"column":4},"end":{"line":81,"column":9}},"40":{"start":{"line":79,"column":6},"end":{"line":79,"column":34}},"41":{"start":{"line":80,"column":6},"end":{"line":80,"column":14}},"42":{"start":{"line":84,"column":2},"end":{"line":342,"column":4}},"43":{"start":{"line":101,"column":16},"end":{"line":114,"column":null}},"44":{"start":{"line":111,"column":20},"end":{"line":111,"column":42}},"45":{"start":{"line":112,"column":20},"end":{"line":112,"column":29}},"46":{"start":{"line":122,"column":16},"end":{"line":135,"column":null}},"47":{"start":{"line":132,"column":20},"end":{"line":132,"column":43}},"48":{"start":{"line":133,"column":20},"end":{"line":133,"column":29}},"49":{"start":{"line":143,"column":16},"end":{"line":156,"column":null}},"50":{"start":{"line":153,"column":20},"end":{"line":153,"column":46}},"51":{"start":{"line":154,"column":20},"end":{"line":154,"column":29}},"52":{"start":{"line":164,"column":16},"end":{"line":176,"column":null}},"53":{"start":{"line":173,"column":20},"end":{"line":173,"column":45}},"54":{"start":{"line":174,"column":20},"end":{"line":174,"column":29}},"55":{"start":{"line":184,"column":16},"end":{"line":198,"column":null}},"56":{"start":{"line":195,"column":20},"end":{"line":195,"column":47}},"57":{"start":{"line":196,"column":20},"end":{"line":196,"column":29}},"58":{"start":{"line":209,"column":16},"end":{"line":222,"column":null}},"59":{"start":{"line":219,"column":20},"end":{"line":219,"column":52}},"60":{"start":{"line":220,"column":20},"end":{"line":220,"column":29}},"61":{"start":{"line":230,"column":16},"end":{"line":244,"column":null}},"62":{"start":{"line":241,"column":20},"end":{"line":241,"column":47}},"63":{"start":{"line":242,"column":20},"end":{"line":242,"column":29}},"64":{"start":{"line":252,"column":16},"end":{"line":266,"column":null}},"65":{"start":{"line":263,"column":20},"end":{"line":263,"column":42}},"66":{"start":{"line":264,"column":20},"end":{"line":264,"column":29}},"67":{"start":{"line":274,"column":16},"end":{"line":287,"column":null}},"68":{"start":{"line":284,"column":20},"end":{"line":284,"column":44}},"69":{"start":{"line":285,"column":20},"end":{"line":285,"column":29}},"70":{"start":{"line":295,"column":16},"end":{"line":309,"column":null}},"71":{"start":{"line":306,"column":20},"end":{"line":306,"column":55}},"72":{"start":{"line":307,"column":20},"end":{"line":307,"column":29}},"73":{"start":{"line":317,"column":16},"end":{"line":331,"column":null}},"74":{"start":{"line":328,"column":20},"end":{"line":328,"column":57}},"75":{"start":{"line":329,"column":20},"end":{"line":329,"column":29}},"76":{"start":{"line":22,"column":0},"end":{"line":22,"column":24}}},"fnMap":{"0":{"name":"ScoringForm","decl":{"start":{"line":22,"column":24},"end":{"line":22,"column":35}},"loc":{"start":{"line":22,"column":35},"end":{"line":343,"column":1}}},"1":{"name":"(anonymous_2)","decl":{"start":{"line":31,"column":25},"end":{"line":31,"column":26}},"loc":{"start":{"line":31,"column":72},"end":{"line":33,"column":3}}},"2":{"name":"(anonymous_3)","decl":{"start":{"line":35,"column":26},"end":{"line":35,"column":27}},"loc":{"start":{"line":35,"column":73},"end":{"line":37,"column":3}}},"3":{"name":"(anonymous_4)","decl":{"start":{"line":39,"column":29},"end":{"line":39,"column":30}},"loc":{"start":{"line":39,"column":76},"end":{"line":41,"column":3}}},"4":{"name":"(anonymous_5)","decl":{"start":{"line":43,"column":28},"end":{"line":43,"column":29}},"loc":{"start":{"line":43,"column":46},"end":{"line":47,"column":3}}},"5":{"name":"(anonymous_6)","decl":{"start":{"line":49,"column":30},"end":{"line":49,"column":31}},"loc":{"start":{"line":49,"column":48},"end":{"line":51,"column":3}}},"6":{"name":"(anonymous_7)","decl":{"start":{"line":53,"column":35},"end":{"line":53,"column":36}},"loc":{"start":{"line":53,"column":82},"end":{"line":55,"column":3}}},"7":{"name":"(anonymous_8)","decl":{"start":{"line":57,"column":30},"end":{"line":57,"column":31}},"loc":{"start":{"line":57,"column":48},"end":{"line":59,"column":3}}},"8":{"name":"(anonymous_9)","decl":{"start":{"line":61,"column":25},"end":{"line":61,"column":26}},"loc":{"start":{"line":61,"column":43},"end":{"line":63,"column":3}}},"9":{"name":"(anonymous_10)","decl":{"start":{"line":65,"column":27},"end":{"line":65,"column":28}},"loc":{"start":{"line":65,"column":74},"end":{"line":67,"column":3}}},"10":{"name":"(anonymous_11)","decl":{"start":{"line":69,"column":38},"end":{"line":69,"column":39}},"loc":{"start":{"line":69,"column":56},"end":{"line":71,"column":3}}},"11":{"name":"(anonymous_12)","decl":{"start":{"line":73,"column":40},"end":{"line":73,"column":41}},"loc":{"start":{"line":73,"column":58},"end":{"line":75,"column":3}}},"12":{"name":"(anonymous_13)","decl":{"start":{"line":77,"column":19},"end":{"line":77,"column":22}},"loc":{"start":{"line":77,"column":24},"end":{"line":82,"column":3}}},"13":{"name":"(anonymous_14)","decl":{"start":{"line":78,"column":17},"end":{"line":78,"column":22}},"loc":{"start":{"line":78,"column":51},"end":{"line":81,"column":5}}},"14":{"name":"(anonymous_15)","decl":{"start":{"line":100,"column":22},"end":{"line":100,"column":23}},"loc":{"start":{"line":101,"column":16},"end":{"line":114,"column":null}}},"15":{"name":"(anonymous_16)","decl":{"start":{"line":110,"column":28},"end":{"line":110,"column":29}},"loc":{"start":{"line":110,"column":38},"end":{"line":113,"column":19}}},"16":{"name":"(anonymous_17)","decl":{"start":{"line":121,"column":22},"end":{"line":121,"column":23}},"loc":{"start":{"line":122,"column":16},"end":{"line":135,"column":null}}},"17":{"name":"(anonymous_18)","decl":{"start":{"line":131,"column":28},"end":{"line":131,"column":29}},"loc":{"start":{"line":131,"column":38},"end":{"line":134,"column":19}}},"18":{"name":"(anonymous_19)","decl":{"start":{"line":142,"column":22},"end":{"line":142,"column":23}},"loc":{"start":{"line":143,"column":16},"end":{"line":156,"column":null}}},"19":{"name":"(anonymous_20)","decl":{"start":{"line":152,"column":28},"end":{"line":152,"column":29}},"loc":{"start":{"line":152,"column":38},"end":{"line":155,"column":19}}},"20":{"name":"(anonymous_21)","decl":{"start":{"line":163,"column":22},"end":{"line":163,"column":23}},"loc":{"start":{"line":164,"column":16},"end":{"line":176,"column":null}}},"21":{"name":"(anonymous_22)","decl":{"start":{"line":172,"column":28},"end":{"line":172,"column":29}},"loc":{"start":{"line":172,"column":38},"end":{"line":175,"column":19}}},"22":{"name":"(anonymous_23)","decl":{"start":{"line":183,"column":22},"end":{"line":183,"column":23}},"loc":{"start":{"line":184,"column":16},"end":{"line":198,"column":null}}},"23":{"name":"(anonymous_24)","decl":{"start":{"line":194,"column":28},"end":{"line":194,"column":29}},"loc":{"start":{"line":194,"column":38},"end":{"line":197,"column":19}}},"24":{"name":"(anonymous_25)","decl":{"start":{"line":208,"column":22},"end":{"line":208,"column":23}},"loc":{"start":{"line":209,"column":16},"end":{"line":222,"column":null}}},"25":{"name":"(anonymous_26)","decl":{"start":{"line":218,"column":28},"end":{"line":218,"column":29}},"loc":{"start":{"line":218,"column":38},"end":{"line":221,"column":19}}},"26":{"name":"(anonymous_27)","decl":{"start":{"line":229,"column":22},"end":{"line":229,"column":23}},"loc":{"start":{"line":230,"column":16},"end":{"line":244,"column":null}}},"27":{"name":"(anonymous_28)","decl":{"start":{"line":240,"column":28},"end":{"line":240,"column":29}},"loc":{"start":{"line":240,"column":38},"end":{"line":243,"column":19}}},"28":{"name":"(anonymous_29)","decl":{"start":{"line":251,"column":22},"end":{"line":251,"column":23}},"loc":{"start":{"line":252,"column":16},"end":{"line":266,"column":null}}},"29":{"name":"(anonymous_30)","decl":{"start":{"line":262,"column":28},"end":{"line":262,"column":29}},"loc":{"start":{"line":262,"column":38},"end":{"line":265,"column":19}}},"30":{"name":"(anonymous_31)","decl":{"start":{"line":273,"column":22},"end":{"line":273,"column":23}},"loc":{"start":{"line":274,"column":16},"end":{"line":287,"column":null}}},"31":{"name":"(anonymous_32)","decl":{"start":{"line":283,"column":28},"end":{"line":283,"column":29}},"loc":{"start":{"line":283,"column":38},"end":{"line":286,"column":19}}},"32":{"name":"(anonymous_33)","decl":{"start":{"line":294,"column":22},"end":{"line":294,"column":23}},"loc":{"start":{"line":295,"column":16},"end":{"line":309,"column":null}}},"33":{"name":"(anonymous_34)","decl":{"start":{"line":305,"column":28},"end":{"line":305,"column":29}},"loc":{"start":{"line":305,"column":38},"end":{"line":308,"column":19}}},"34":{"name":"(anonymous_35)","decl":{"start":{"line":316,"column":22},"end":{"line":316,"column":23}},"loc":{"start":{"line":317,"column":16},"end":{"line":331,"column":null}}},"35":{"name":"(anonymous_36)","decl":{"start":{"line":327,"column":28},"end":{"line":327,"column":29}},"loc":{"start":{"line":327,"column":38},"end":{"line":330,"column":19}}}},"branchMap":{"0":{"loc":{"start":{"line":46,"column":4},"end":{"line":46,"column":101}},"type":"cond-expr","locations":[{"start":{"line":46,"column":29},"end":{"line":46,"column":65}},{"start":{"line":46,"column":68},"end":{"line":46,"column":101}}]},"1":{"loc":{"start":{"line":108,"column":20},"end":{"line":108,"column":null}},"type":"cond-expr","locations":[{"start":{"line":108,"column":37},"end":{"line":108,"column":53}},{"start":{"line":108,"column":56},"end":{"line":108,"column":null}}]},"2":{"loc":{"start":{"line":108,"column":20},"end":{"line":108,"column":34}},"type":"cond-expr","locations":[{"start":{"line":108,"column":25},"end":{"line":108,"column":27}},{"start":{"line":108,"column":20},"end":{"line":108,"column":34}}]},"3":{"loc":{"start":{"line":108,"column":20},"end":{"line":108,"column":27}},"type":"binary-expr","locations":[{"start":{"line":108,"column":20},"end":{"line":108,"column":27}},{"start":{"line":108,"column":20},"end":{"line":108,"column":27}}]},"4":{"loc":{"start":{"line":114,"column":29},"end":{"line":114,"column":43}},"type":"cond-expr","locations":[{"start":{"line":114,"column":34},"end":{"line":114,"column":36}},{"start":{"line":114,"column":29},"end":{"line":114,"column":43}}]},"5":{"loc":{"start":{"line":114,"column":29},"end":{"line":114,"column":36}},"type":"binary-expr","locations":[{"start":{"line":114,"column":29},"end":{"line":114,"column":36}},{"start":{"line":114,"column":29},"end":{"line":114,"column":36}}]},"6":{"loc":{"start":{"line":129,"column":20},"end":{"line":129,"column":null}},"type":"cond-expr","locations":[{"start":{"line":129,"column":37},"end":{"line":129,"column":53}},{"start":{"line":129,"column":56},"end":{"line":129,"column":null}}]},"7":{"loc":{"start":{"line":129,"column":20},"end":{"line":129,"column":34}},"type":"cond-expr","locations":[{"start":{"line":129,"column":25},"end":{"line":129,"column":27}},{"start":{"line":129,"column":20},"end":{"line":129,"column":34}}]},"8":{"loc":{"start":{"line":129,"column":20},"end":{"line":129,"column":27}},"type":"binary-expr","locations":[{"start":{"line":129,"column":20},"end":{"line":129,"column":27}},{"start":{"line":129,"column":20},"end":{"line":129,"column":27}}]},"9":{"loc":{"start":{"line":135,"column":29},"end":{"line":135,"column":43}},"type":"cond-expr","locations":[{"start":{"line":135,"column":34},"end":{"line":135,"column":36}},{"start":{"line":135,"column":29},"end":{"line":135,"column":43}}]},"10":{"loc":{"start":{"line":135,"column":29},"end":{"line":135,"column":36}},"type":"binary-expr","locations":[{"start":{"line":135,"column":29},"end":{"line":135,"column":36}},{"start":{"line":135,"column":29},"end":{"line":135,"column":36}}]},"11":{"loc":{"start":{"line":150,"column":20},"end":{"line":150,"column":null}},"type":"cond-expr","locations":[{"start":{"line":150,"column":37},"end":{"line":150,"column":53}},{"start":{"line":150,"column":56},"end":{"line":150,"column":null}}]},"12":{"loc":{"start":{"line":150,"column":20},"end":{"line":150,"column":34}},"type":"cond-expr","locations":[{"start":{"line":150,"column":25},"end":{"line":150,"column":27}},{"start":{"line":150,"column":20},"end":{"line":150,"column":34}}]},"13":{"loc":{"start":{"line":150,"column":20},"end":{"line":150,"column":27}},"type":"binary-expr","locations":[{"start":{"line":150,"column":20},"end":{"line":150,"column":27}},{"start":{"line":150,"column":20},"end":{"line":150,"column":27}}]},"14":{"loc":{"start":{"line":156,"column":29},"end":{"line":156,"column":43}},"type":"cond-expr","locations":[{"start":{"line":156,"column":34},"end":{"line":156,"column":36}},{"start":{"line":156,"column":29},"end":{"line":156,"column":43}}]},"15":{"loc":{"start":{"line":156,"column":29},"end":{"li
[...]
":302,"column":113}},"type":"cond-expr","locations":[{"start":{"line":302,"column":96},"end":{"line":302,"column":108}},{"start":{"line":302,"column":111},"end":{"line":302,"column":113}}]},"50":{"loc":{"start":{"line":302,"column":79},"end":{"line":302,"column":93}},"type":"cond-expr","locations":[{"start":{"line":302,"column":84},"end":{"line":302,"column":86}},{"start":{"line":302,"column":79},"end":{"line":302,"column":93}}]},"51":{"loc":{"start":{"line":302,"column":79},"end":{"line":302,"column":86}},"type":"binary-expr","locations":[{"start":{"line":302,"column":79},"end":{"line":302,"column":86}},{"start":{"line":302,"column":79},"end":{"line":302,"column":86}}]},"52":{"loc":{"start":{"line":303,"column":20},"end":{"line":303,"column":null}},"type":"cond-expr","locations":[{"start":{"line":303,"column":59},"end":{"line":303,"column":71}},{"start":{"line":303,"column":74},"end":{"line":303,"column":null}}]},"53":{"loc":{"start":{"line":303,"column":20},"end":{"line":303,"column":56}},"type":"binary-expr","locations":[{"start":{"line":303,"column":20},"end":{"line":303,"column":36}},{"start":{"line":303,"column":40},"end":{"line":303,"column":56}}]},"54":{"loc":{"start":{"line":309,"column":29},"end":{"line":309,"column":43}},"type":"cond-expr","locations":[{"start":{"line":309,"column":34},"end":{"line":309,"column":36}},{"start":{"line":309,"column":29},"end":{"line":309,"column":43}}]},"55":{"loc":{"start":{"line":309,"column":29},"end":{"line":309,"column":36}},"type":"binary-expr","locations":[{"start":{"line":309,"column":29},"end":{"line":309,"column":36}},{"start":{"line":309,"column":29},"end":{"line":309,"column":36}}]},"56":{"loc":{"start":{"line":324,"column":79},"end":{"line":324,"column":113}},"type":"cond-expr","locations":[{"start":{"line":324,"column":96},"end":{"line":324,"column":108}},{"start":{"line":324,"column":111},"end":{"line":324,"column":113}}]},"57":{"loc":{"start":{"line":324,"column":79},"end":{"line":324,"column":93}},"type":"cond-expr","locations":[{"start":{"line":324,"column":84},"end":{"line":324,"column":86}},{"start":{"line":324,"column":79},"end":{"line":324,"column":93}}]},"58":{"loc":{"start":{"line":324,"column":79},"end":{"line":324,"column":86}},"type":"binary-expr","locations":[{"start":{"line":324,"column":79},"end":{"line":324,"column":86}},{"start":{"line":324,"column":79},"end":{"line":324,"column":86}}]},"59":{"loc":{"start":{"line":325,"column":20},"end":{"line":325,"column":null}},"type":"cond-expr","locations":[{"start":{"line":325,"column":59},"end":{"line":325,"column":71}},{"start":{"line":325,"column":74},"end":{"line":325,"column":null}}]},"60":{"loc":{"start":{"line":325,"column":20},"end":{"line":325,"column":56}},"type":"binary-expr","locations":[{"start":{"line":325,"column":20},"end":{"line":325,"column":36}},{"start":{"line":325,"column":40},"end":{"line":325,"column":56}}]},"61":{"loc":{"start":{"line":331,"column":29},"end":{"line":331,"column":43}},"type":"cond-expr","locations":[{"start":{"line":331,"column":34},"end":{"line":331,"column":36}},{"start":{"line":331,"column":29},"end":{"line":331,"column":43}}]},"62":{"loc":{"start":{"line":331,"column":29},"end":{"line":331,"column":36}},"type":"binary-expr","locations":[{"start":{"line":331,"column":29},"end":{"line":331,"column":36}},{"start":{"line":331,"column":29},"end":{"line":331,"column":36}}]}},"s":{"0":1,"1":1,"2":1,"3":1,"4":1,"5":1,"6":1,"7":1,"8":1,"9":1,"10":1,"11":1,"12":3,"13":3,"14":3,"15":0,"16":3,"17":0,"18":3,"19":0,"20":3,"21":1,"22":1,"23":1,"24":3,"25":1,"26":3,"27":0,"28":3,"29":1,"30":3,"31":1,"32":3,"33":0,"34":3,"35":1,"36":3,"37":1,"38":3,"39":0,"40":0,"41":0,"42":3,"43":4,"44":0,"45":0,"46":4,"47":0,"48":0,"49":4,"50":0,"51":0,"52":5,"53":1,"54":1,"55":5,"56":1,"57":1,"58":4,"59":0,"60":0,"61":5,"62":1,"63":1,"64":5,"65":1,"66":1,"67":4,"68":0,"69":0,"70":5,"71":1,"72":1,"73":5,"74":1,"75":1,"76":1},"f":{"0":3,"1":0,"2":0,"3":0,"4":1,"5":1,"6":0,"7":1,"8":1,"9":0,"10":1,"11":1,"12":0,"13":0,"14":4,"15":0,"16":4,"17":0,"18":4,"19":0,"20":5,"21":1,"22":5,"23":1,"24":4,"25":0,"26":5,"27":1,"28":5,"29":1,"30":4,"31":0,"32":5,"33":1,"34":5,"35":1},"b":{"0":[1,0],"1":[1,3],"2":[3,1],"3":[4,4],"4":[3,1],"5":[4,4],"6":[1,3],"7":[3,1],"8":[4,4],"9":[3,1],"10":[4,4],"11":[1,3],"12":[3,1],"13":[4,4],"14":[3,1],"15":[4,4],"16":[1,4],"17":[4,1],"18":[5,5],"19":[4,1],"20":[5,5],"21":[1,4],"22":[4,1],"23":[5,5],"24":[1,4],"25":[4,1],"26":[5,5],"27":[1,3],"28":[3,1],"29":[4,4],"30":[3,1],"31":[4,4],"32":[1,4],"33":[4,1],"34":[5,5],"35":[1,4],"36":[4,1],"37":[5,5],"38":[1,4],"39":[4,1],"40":[5,5],"41":[1,4],"42":[4,1],"43":[5,5],"44":[1,3],"45":[3,1],"46":[4,4],"47":[3,1],"48":[4,4],"49":[1,4],"50":[4,1],"51":[5,5],"52":[1,4],"53":[5,5],"54":[4,1],"55":[5,5],"56":[1,4],"57":[4,1],"58":[5,5],"59":[1,4],"60":[5,5],"61":[4,1],"62":[5,5]}}
,"C:\\Users\\carri\\Desktop\\NeoBank\\src\\modules\\Loan\\store\\Loan.store.tsx": {"path":"C:\\Users\\carri\\Desktop\\NeoBank\\src\\modules\\Loan\\store\\Loan.store.tsx","statementMap":{"0":{"start":{"line":1,"column":0},"end":{"line":1,"column":55}},"1":{"start":{"line":2,"column":0},"end":{"line":2,"column":74}},"2":{"start":{"line":3,"column":0},"end":{"line":3,"column":51}},"3":{"start":{"line":13,"column":10},"end":{"line":13,"column":27}},"4":{"start":{"line":19,"column":10},"end":{"line":19,"column":56}},"5":{"start":{"line":25,"column":2},"end":{"line":29,"column":4}},"6":{"start":{"line":26,"column":4},"end":{"line":26,"column":37}},"7":{"start":{"line":27,"column":18},"end":{"line":27,"column":49}},"8":{"start":{"line":28,"column":4},"end":{"line":28,"column":32}},"9":{"start":{"line":31,"column":2},"end":{"line":47,"column":4}},"10":{"start":{"line":32,"column":4},"end":{"line":34,"column":7}},"11":{"start":{"line":33,"column":6},"end":{"line":33,"column":27}},"12":{"start":{"line":35,"column":4},"end":{"line":46,"column":null}},"13":{"start":{"line":36,"column":23},"end":{"line":36,"column":76}},"14":{"start":{"line":37,"column":6},"end":{"line":37,"column":40}},"15":{"start":{"line":38,"column":6},"end":{"line":38,"column":73}},"16":{"start":{"line":39,"column":6},"end":{"line":39,"column":69}},"17":{"start":{"line":41,"column":6},"end":{"line":41,"column":29}},"18":{"start":{"line":41,"column":17},"end":{"line":41,"column":29}},"19":{"start":{"line":43,"column":6},"end":{"line":45,"column":9}},"20":{"start":{"line":44,"column":8},"end":{"line":44,"column":30}},"21":{"start":{"line":49,"column":2},"end":{"line":64,"column":4}},"22":{"start":{"line":50,"column":4},"end":{"line":52,"column":7}},"23":{"start":{"line":51,"column":6},"end":{"line":51,"column":27}},"24":{"start":{"line":53,"column":4},"end":{"line":63,"column":null}},"25":{"start":{"line":54,"column":6},"end":{"line":54,"column":64}},"26":{"start":{"line":55,"column":6},"end":{"line":55,"column":56}},"27":{"start":{"line":56,"column":6},"end":{"line":56,"column":65}},"28":{"start":{"line":58,"column":6},"end":{"line":58,"column":29}},"29":{"start":{"line":58,"column":17},"end":{"line":58,"column":29}},"30":{"start":{"line":60,"column":6},"end":{"line":62,"column":9}},"31":{"start":{"line":61,"column":8},"end":{"line":61,"column":30}},"32":{"start":{"line":66,"column":2},"end":{"line":73,"column":4}},"33":{"start":{"line":67,"column":4},"end":{"line":72,"column":null}},"34":{"start":{"line":68,"column":23},"end":{"line":68,"column":73}},"35":{"start":{"line":69,"column":6},"end":{"line":69,"column":65}},"36":{"start":{"line":71,"column":6},"end":{"line":71,"column":18}},"37":{"start":{"line":75,"column":2},"end":{"line":82,"column":4}},"38":{"start":{"line":76,"column":4},"end":{"line":81,"column":null}},"39":{"start":{"line":77,"column":23},"end":{"line":77,"column":73}},"40":{"start":{"line":78,"column":6},"end":{"line":78,"column":22}},"41":{"start":{"line":80,"column":6},"end":{"line":80,"column":18}},"42":{"start":{"line":84,"column":2},"end":{"line":99,"column":4}},"43":{"start":{"line":85,"column":4},"end":{"line":87,"column":7}},"44":{"start":{"line":86,"column":6},"end":{"line":86,"column":27}},"45":{"start":{"line":88,"column":4},"end":{"line":98,"column":null}},"46":{"start":{"line":89,"column":6},"end":{"line":89,"column":61}},"47":{"start":{"line":90,"column":6},"end":{"line":90,"column":66}},"48":{"start":{"line":91,"column":6},"end":{"line":91,"column":38}},"49":{"start":{"line":93,"column":6},"end":{"line":93,"column":29}},"50":{"start":{"line":93,"column":17},"end":{"line":93,"column":29}},"51":{"start":{"line":95,"column":6},"end":{"line":97,"column":9}},"52":{"start":{"line":96,"column":8},"end":{"line":96,"column":30}},"53":{"start":{"line":101,"column":2},"end":{"line":108,"column":4}},"54":{"start":{"line":102,"column":4},"end":{"line":107,"column":null}},"55":{"start":{"line":103,"column":6},"end":{"line":103,"column":65}},"56":{"start":{"line":104,"column":6},"end":{"line":104,"column":66}},"57":{"start":{"line":106,"column":6},"end":{"line":106,"column":18}},"58":{"start":{"line":110,"column":2},"end":{"line":117,"column":4}},"59":{"start":{"line":111,"column":4},"end":{"line":116,"column":null}},"60":{"start":{"line":112,"column":6},"end":{"line":112,"column":62}},"61":{"start":{"line":113,"column":6},"end":{"line":113,"column":66}},"62":{"start":{"line":115,"column":6},"end":{"line":115,"column":18}},"63":{"start":{"line":119,"column":2},"end":{"line":126,"column":4}},"64":{"start":{"line":120,"column":4},"end":{"line":125,"column":null}},"65":{"start":{"line":121,"column":6},"end":{"line":121,"column":62}},"66":{"start":{"line":122,"column":6},"end":{"line":122,"column":63}},"67":{"start":{"line":124,"column":6},"end":{"line":124,"column":18}},"68":{"start":{"line":10,"column":4},"end":{"line":10,"column":29}},"69":{"start":{"line":16,"column":4},"end":{"line":16,"column":25}},"70":{"start":{"line":22,"column":4},"end":{"line":22,"column":26}},"71":{"start":{"line":129,"column":13},"end":{"line":129,"column":46}}},"fnMap":{"0":{"name":"(anonymous_1)","decl":{"start":{"line":9,"column":2},"end":{"line":9,"column":null}},"loc":{"start":{"line":9,"column":2},"end":{"line":11,"column":3}}},"1":{"name":"(anonymous_2)","decl":{"start":{"line":25,"column":27},"end":{"line":25,"column":28}},"loc":{"start":{"line":25,"column":58},"end":{"line":29,"column":3}}},"2":{"name":"(anonymous_3)","decl":{"start":{"line":31,"column":25},"end":{"line":31,"column":30}},"loc":{"start":{"line":31,"column":62},"end":{"line":47,"column":3}}},"3":{"name":"(anonymous_4)","decl":{"start":{"line":32,"column":16},"end":{"line":32,"column":19}},"loc":{"start":{"line":32,"column":21},"end":{"line":34,"column":5}}},"4":{"name":"(anonymous_5)","decl":{"start":{"line":43,"column":18},"end":{"line":43,"column":21}},"loc":{"start":{"line":43,"column":23},"end":{"line":45,"column":7}}},"5":{"name":"(anonymous_6)","decl":{"start":{"line":49,"column":20},"end":{"line":49,"column":25}},"loc":{"start":{"line":49,"column":52},"end":{"line":64,"column":3}}},"6":{"name":"(anonymous_7)","decl":{"start":{"line":50,"column":16},"end":{"line":50,"column":19}},"loc":{"start":{"line":50,"column":21},"end":{"line":52,"column":5}}},"7":{"name":"(anonymous_8)","decl":{"start":{"line":60,"column":18},"end":{"line":60,"column":21}},"loc":{"start":{"line":60,"column":23},"end":{"line":62,"column":7}}},"8":{"name":"(anonymous_9)","decl":{"start":{"line":66,"column":23},"end":{"line":66,"column":28}},"loc":{"start":{"line":66,"column":34},"end":{"line":73,"column":3}}},"9":{"name":"(anonymous_10)","decl":{"start":{"line":75,"column":22},"end":{"line":75,"column":27}},"loc":{"start":{"line":75,"column":33},"end":{"line":82,"column":3}}},"10":{"name":"(anonymous_11)","decl":{"start":{"line":84,"column":26},"end":{"line":84,"column":31}},"loc":{"start":{"line":84,"column":60},"end":{"line":99,"column":3}}},"11":{"name":"(anonymous_12)","decl":{"start":{"line":85,"column":16},"end":{"line":85,"column":19}},"loc":{"start":{"line":85,"column":21},"end":{"line":87,"column":5}}},"12":{"name":"(anonymous_13)","decl":{"start":{"line":95,"column":18},"end":{"line":95,"column":21}},"loc":{"start":{"line":95,"column":23},"end":{"line":97,"column":7}}},"13":{"name":"(anonymous_14)","decl":{"start":{"line":101,"column":30},"end":{"line":101,"column":35}},"loc":{"start":{"line":101,"column":41},"end":{"line":108,"column":3}}},"14":{"name":"(anonymous_15)","decl":{"start":{"line":110,"column":28},"end":{"line":110,"column":33}},"loc":{"start":{"line":110,"column":39},"end":{"line":117,"column":3}}},"15":{"name":"(anonymous_16)","decl":{"start":{"line":119,"column":23},"end":{"line":119,"column":28}},"loc":{"start":{"line":119,"column":46},"end":{"line":126,"column":3}}},"16":{"name":"(anonymous_17)","decl":{"start":{"line":15,"column":2},"end":{"line":15,"column":6}},"loc":{"start":{"line":15,"column":13},"end":{"line":17,"column":3}}},"17":{"name":"(anonymous_18)","decl":{"start":{"line":21,"column":2},"end":{"line":21,"column":6}},"loc":{"start":{"line":21,"column":14},"end":{"line":23,"column":3}}}},"branchMap":{"0":{"loc":{"start":{"line":41,"column":6},"end":{"line":41,"column":29}},"type":"if","locations":[{"start":{"line":41,"column":6},"end":{"line":41,"column":29}}]},"1":{"loc":{"start":{"line":58,"column":6},"end":{"line":58,"column":29}},"type":"if","locations":[{"start":{"line":58,"column":6},"end":{"line":58,"column":29}}]},"2":{"loc":{"start":{"line":93,"column":6},"end":{"line":93,"column":29}},"type":"if","locations":[{"start":{"line":93,"column":6},"end":{"line":93,"column":29}}]}},"s":{"0":7,"1":7,"2":7,"3":7,"4":7,"5":7,"6":5,"7":5,"8":5,"9":7,"10":1,"11":1,"12":1,"13":1,"14":1,"15":1,"16":1,"17":0,"18":0,"19":1,"20":1,"21":7,"22":1,"23":1,"24":1,"25":1,"26":1,"27":1,"28":0,"29":0,"30":1,"31":1,"32":7,"33":2,"34":2,"35":2,"36":0,"37":7,"38":2,"39":2,"40":0,"41":0,"42":7,"43":1,"44":1,"45":1,"46":1,"47":1,"48":1,"49":0,"50":0,"51":1,"52":1,"53":7,"54":0,"55":0,"56":0,"57":0,"58":7,"59":0,"60":0,"61":0,"62":0,"63":7,"64":1,"65":1,"66":1,"67":0,"68":7,"69":11,"70":0,"71":7},"f":{"0":7,"1":5,"2":1,"3":1,"4":1,"5":1,"6":1,"7":1,"8":2,"9":2,"10":1,"11":1,"12":1,"13":0,"14":0,"15":1,"16":11,"17":0},"b":{"0":[0],"1":[0],"2":[0]}}
,"C:\\Users\\carri\\Desktop\\NeoBank\\src\\modules\\Loan\\store\\PrescoringResponse.store.tsx": {"path":"C:\\Users\\carri\\Desktop\\NeoBank\\src\\modules\\Loan\\store\\PrescoringResponse.store.tsx","statementMap":{"0":{"start":{"line":1,"column":0},"end":{"line":1,"column":42}},"1":{"start":{"line":5,"column":2},"end":{"line":5,"column":38}},"2":{"start":{"line":8,"column":4},"end":{"line":8,"column":29}},"3":{"start":{"line":12,"column":4},"end":{"line":12,"column":29}},"4":{"start":{"line":16,"column":18},"end":{"line":16,"column":33}},"5":{"start":{"line":18,"column":0},"end":{"line":18,"column":25}}},"fnMap":{"0":{"name":"(anonymous_0)","decl":{"start":{"line":7,"column":2},"end":{"line":7,"column":null}},"loc":{"start":{"line":7,"column":2},"end":{"line":9,"column":3}}},"1":{"name":"(anonymous_1)","decl":{"start":{"line":11,"column":2},"end":{"line":11,"column":9}},"loc":{"start":{"line":11,"column":34},"end":{"line":13,"column":3}}}},"branchMap":{"0":{"loc":{"start":{"line":12,"column":4},"end":{"line":12,"column":28}},"type":"cond-expr","locations":[{"start":{"line":12,"column":13},"end":{"line":12,"column":15}},{"start":{"line":12,"column":13},"end":{"line":12,"column":28}}]},"1":{"loc":{"start":{"line":12,"column":4},"end":{"line":12,"column":15}},"type":"binary-expr","locations":[{"start":{"line":12,"column":4},"end":{"line":12,"column":15}},{"start":{"line":12,"column":13},"end":{"line":12,"column":15}}]}},"s":{"0":7,"1":7,"2":7,"3":1,"4":7,"5":7},"f":{"0":7,"1":1},"b":{"0":[0,1],"1":[1,1]}}
,"C:\\Users\\carri\\Desktop\\NeoBank\\src\\modules\\Offers\\Offers.module.tsx": {"path":"C:\\Users\\carri\\Desktop\\NeoBank\\src\\modules\\Offers\\Offers.module.tsx","statementMap":{"0":{"start":{"line":2,"column":0},"end":{"line":2,"column":54}},"1":{"start":{"line":3,"column":0},"end":{"line":3,"column":60}},"2":{"start":{"line":5,"column":0},"end":{"line":5,"column":48}},"3":{"start":{"line":8,"column":21},"end":{"line":8,"column":55}},"4":{"start":{"line":9,"column":19},"end":{"line":9,"column":61}},"5":{"start":{"line":11,"column":2},"end":{"line":29,"column":4}},"6":{"start":{"line":14,"column":8},"end":{"line":15,"column":null}},"7":{"start":{"line":7,"column":0},"end":{"line":7,"column":24}}},"fnMap":{"0":{"name":"Offers","decl":{"start":{"line":7,"column":24},"end":{"line":7,"column":30}},"loc":{"start":{"line":7,"column":30},"end":{"line":30,"column":1}}},"1":{"name":"(anonymous_2)","decl":{"start":{"line":13,"column":20},"end":{"line":13,"column":21}},"loc":{"start":{"line":14,"column":8},"end":{"line":15,"column":null}}}},"branchMap":{"0":{"loc":{"start":{"line":9,"column":19},"end":{"line":9,"column":61}},"type":"cond-expr","locations":[{"start":{"line":9,"column":32},"end":{"line":9,"column":54}},{"start":{"line":9,"column":57},"end":{"line":9,"column":61}}]}},"s":{"0":1,"1":1,"2":1,"3":3,"4":3,"5":3,"6":4,"7":1},"f":{"0":3,"1":4},"b":{"0":[3,0]}}
,"C:\\Users\\carri\\Desktop\\NeoBank\\src\\modules\\Offers\\components\\OffersCard\\OffersCard.css": {"path":"C:\\Users\\carri\\Desktop\\NeoBank\\src\\modules\\Offers\\components\\OffersCard\\OffersCard.css","statementMap":{"0":{"start":{"line":1,"column":20},"end":{"line":1,"column":43}},"1":{"start":{"line":3,"column":0},"end":{"line":3,"column":1074}},"2":{"start":{"line":4,"column":0},"end":{"line":4,"column":20}}},"fnMap":{},"branchMap":{},"s":{"0":1,"1":1,"2":1},"f":{},"b":{},"_coverageSchema":"1a1c01bbd47fc00a2c39e90264f33305004495a9","hash":"be6b129e51085d90ce162cb2c2b04938fd4e2370"}
,"C:\\Users\\carri\\Desktop\\NeoBank\\src\\modules\\Offers\\components\\OffersCard\\OffersCard.tsx": {"path":"C:\\Users\\carri\\Desktop\\NeoBank\\src\\modules\\Offers\\components\\OffersCard\\OffersCard.tsx","statementMap":{"0":{"start":{"line":2,"column":0},"end":{"line":2,"column":53}},"1":{"start":{"line":3,"column":0},"end":{"line":3,"column":55}},"2":{"start":{"line":4,"column":0},"end":{"line":4,"column":70}},"3":{"start":{"line":6,"column":0},"end":{"line":6,"column":26}},"4":{"start":{"line":20,"column":30},"end":{"line":20,"column":39}},"5":{"start":{"line":21,"column":2},"end":{"line":62,"column":4}},"6":{"start":{"line":47,"column":10},"end":{"line":56,"column":13}},"7":{"start":{"line":8,"column":0},"end":{"line":8,"column":24}}},"fnMap":{"0":{"name":"OffersCard","decl":{"start":{"line":8,"column":24},"end":{"line":8,"column":34}},"loc":{"start":{"line":19,"column":18},"end":{"line":63,"column":1}}},"1":{"name":"(anonymous_2)","decl":{"start":{"line":46,"column":17},"end":{"line":46,"column":20}},"loc":{"start":{"line":46,"column":22},"end":{"line":57,"column":9}}}},"branchMap":{"0":{"loc":{"start":{"line":31,"column":9},"end":{"line":34,"column":null}},"type":"cond-expr","locations":[{"start":{"line":32,"column":10},"end":{"line":32,"column":71}},{"start":{"line":34,"column":10},"end":{"line":34,"column":69}}]},"1":{"loc":{"start":{"line":39,"column":9},"end":{"line":42,"column":null}},"type":"cond-expr","locations":[{"start":{"line":40,"column":10},"end":{"line":40,"column":71}},{"start":{"line":42,"column":10},"end":{"line":42,"column":69}}]}},"s":{"0":1,"1":1,"2":1,"3":1,"4":4,"5":4,"6":0,"7":1},"f":{"0":4,"1":0},"b":{"0":[1,3],"1":[3,1]}}
,"C:\\Users\\carri\\Desktop\\NeoBank\\src\\modules\\Offers\\components\\OffersList\\OffersList.css": {"path":"C:\\Users\\carri\\Desktop\\NeoBank\\src\\modules\\Offers\\components\\OffersList\\OffersList.css","statementMap":{"0":{"start":{"line":1,"column":20},"end":{"line":1,"column":43}},"1":{"start":{"line":3,"column":0},"end":{"line":3,"column":414}},"2":{"start":{"line":4,"column":0},"end":{"line":4,"column":20}}},"fnMap":{},"branchMap":{},"s":{"0":1,"1":1,"2":1},"f":{},"b":{},"_coverageSchema":"1a1c01bbd47fc00a2c39e90264f33305004495a9","hash":"8ca61c5010a09a37bced352f9990bd243a3215e1"}
}
