TN:
SF:src\components\Button\Button.css
FNF:0
FNH:0
DA:1,2
DA:3,2
DA:4,2
LF:3
LH:3
BRF:0
BRH:0
end_of_record
TN:
SF:src\components\Button\Button.tsx
FN:5,Button
FNF:1
FNH:1
FNDA:38,Button
DA:3,2
DA:5,2
DA:6,38
LF:3
LH:3
BRDA:5,0,0,18
BRDA:5,1,0,18
BRF:2
BRH:2
end_of_record
TN:
SF:src\components\Loader\Loader.tsx
FN:4,Loader
FNF:1
FNH:1
FNDA:7,Loader
DA:4,2
DA:5,7
DA:7,7
LF:3
LH:3
BRDA:4,0,0,7
BRDA:5,1,0,0
BRDA:5,1,1,7
BRDA:7,2,0,0
BRDA:7,2,1,7
BRF:5
BRH:3
end_of_record
TN:
SF:src\components\Modal\Modal.css
FNF:0
FNH:0
DA:1,1
DA:3,1
DA:4,1
LF:3
LH:3
BRF:0
BRH:0
end_of_record
TN:
SF:src\components\Modal\Modal.tsx
FN:8,ModalPopup
FN:11,(anonymous_2)
FN:15,(anonymous_3)
FN:20,(anonymous_4)
FNF:4
FNH:1
FNDA:17,ModalPopup
FNDA:0,(anonymous_2)
FNDA:0,(anonymous_3)
FNDA:0,(anonymous_4)
DA:1,1
DA:2,1
DA:3,1
DA:4,1
DA:6,1
DA:8,1
DA:9,17
DA:11,17
DA:12,0
DA:15,17
DA:16,0
DA:17,0
DA:20,17
DA:21,0
DA:22,0
DA:25,17
DA:41,17
LF:17
LH:12
BRDA:43,0,0,17
BRDA:43,0,1,17
BRDA:55,1,0,17
BRDA:55,1,1,0
BRF:4
BRH:3
end_of_record
TN:
SF:src\components\SelectField\SelectField.css
FNF:0
FNH:0
DA:1,2
DA:3,2
DA:4,2
LF:3
LH:3
BRF:0
BRH:0
end_of_record
TN:
SF:src\components\SelectField\SelectField.tsx
FN:5,SelectField
FN:20,(anonymous_1)
FNF:2
FNH:2
FNDA:24,SelectField
FNDA:108,(anonymous_1)
DA:3,2
DA:5,2
DA:14,24
DA:21,108
LF:4
LH:4
BRDA:7,0,0,0
BRDA:20,1,0,0
BRDA:20,1,1,24
BRDA:20,2,0,24
BRDA:20,2,1,24
BRDA:26,3,0,24
BRDA:26,3,1,5
BRF:7
BRH:5
end_of_record
TN:
SF:src\components\SuccessText\SuccessText.css
FNF:0
FNH:0
DA:1,2
DA:3,2
DA:4,2
LF:3
LH:3
BRF:0
BRH:0
end_of_record
TN:
SF:src\components\SuccessText\SuccessText.tsx
FN:5,SuccessText
FNF:1
FNH:1
FNDA:2,SuccessText
DA:2,2
DA:5,2
DA:6,2
LF:3
LH:3
BRF:0
BRH:0
end_of_record
TN:
SF:src\components\TextField\TextField.css
FNF:0
FNH:0
DA:1,2
DA:3,2
DA:4,2
LF:3
LH:3
BRF:0
BRH:0
end_of_record
TN:
SF:src\components\TextField\TextField.tsx
FN:5,TextField
FN:16,(anonymous_1)
FNF:2
FNH:2
FNDA:61,TextField
FNDA:9,(anonymous_1)
DA:3,2
DA:5,2
DA:16,61
DA:17,61
LF:4
LH:4
BRDA:8,0,0,0
BRDA:30,1,0,61
BRDA:30,1,1,6
BRF:3
BRH:2
end_of_record
TN:
SF:src\constants\applicationId.tsx
FNF:0
FNH:0
DA:1,5
DA:2,5
DA:4,5
DA:6,5
LF:4
LH:4
BRDA:2,0,0,0
BRDA:2,0,1,5
BRDA:4,1,0,0
BRDA:4,1,1,5
BRF:4
BRH:2
end_of_record
TN:
SF:src\constants\paths.tsx
FNF:0
FNH:0
DA:1,5
DA:3,5
DA:4,5
DA:5,5
DA:6,5
DA:7,5
DA:8,5
DA:9,5
DA:11,5
LF:9
LH:9
BRF:0
BRH:0
end_of_record
TN:
SF:src\helpers\PrescoringValidationSchema.tsx
FNF:0
FNH:0
DA:1,1
DA:3,1
LF:2
LH:2
BRF:0
BRH:0
end_of_record
TN:
SF:src\helpers\ScoringValidationSchema.tsx
FNF:0
FNH:0
DA:1,1
DA:3,1
LF:2
LH:2
BRF:0
BRH:0
end_of_record
TN:
SF:src\http\Application.agent.tsx
FN:8,(anonymous_0)
FN:12,(anonymous_1)
FN:17,(anonymous_2)
FN:22,(anonymous_3)
FN:27,(anonymous_4)
FN:32,(anonymous_5)
FN:37,(anonymous_6)
FN:42,(anonymous_7)
FNF:8
FNH:1
FNDA:5,(anonymous_0)
FNDA:0,(anonymous_1)
FNDA:0,(anonymous_2)
FNDA:0,(anonymous_3)
FNDA:0,(anonymous_4)
FNDA:0,(anonymous_5)
FNDA:0,(anonymous_6)
FNDA:0,(anonymous_7)
DA:1,5
DA:2,5
DA:9,5
DA:13,0
DA:14,0
DA:18,0
DA:19,0
DA:23,0
DA:24,0
DA:28,0
DA:29,0
DA:33,0
DA:34,0
DA:38,0
DA:39,0
DA:43,0
DA:44,0
DA:48,5
LF:18
LH:4
BRF:0
BRH:0
end_of_record
TN:
SF:src\http\Basic.agent.ts
FN:6,(anonymous_1)
FNF:1
FNH:1
FNDA:5,(anonymous_1)
DA:1,5
DA:3,5
DA:7,5
LF:3
LH:3
BRF:0
BRH:0
end_of_record
TN:
SF:src\images\card-surprise.png
FNF:0
FNH:0
DA:1,1
LF:1
LH:1
BRF:0
BRH:0
end_of_record
TN:
SF:src\images\close-icon.svg
FNF:0
FNH:0
DA:1,1
LF:1
LH:1
BRF:0
BRH:0
end_of_record
TN:
SF:src\images\document-logo.svg
FNF:0
FNH:0
DA:1,1
LF:1
LH:1
BRF:0
BRH:0
end_of_record
TN:
SF:src\images\fail-logo.svg
FNF:0
FNH:0
DA:1,1
LF:1
LH:1
BRF:0
BRH:0
end_of_record
TN:
SF:src\images\ok-logo.svg
FNF:0
FNH:0
DA:1,1
LF:1
LH:1
BRF:0
BRH:0
end_of_record
TN:
SF:src\images\slider.png
FNF:0
FNH:0
DA:1,1
LF:1
LH:1
BRF:0
BRH:0
end_of_record
TN:
SF:src\modules\Document\components\Sign\Sign.css
FNF:0
FNH:0
DA:1,1
DA:3,1
DA:4,1
LF:3
LH:3
BRF:0
BRH:0
end_of_record
TN:
SF:src\modules\Document\components\Sign\Sign.tsx
FN:8,Sign
FN:11,(anonymous_2)
FN:12,(anonymous_3)
FN:16,(anonymous_4)
FN:25,onSubmit
FN:29,(anonymous_6)
FNF:6
FNH:4
FNDA:5,Sign
FNDA:4,(anonymous_2)
FNDA:0,(anonymous_3)
FNDA:4,(anonymous_4)
FNDA:0,onSubmit
FNDA:1,(anonymous_6)
DA:1,1
DA:2,1
DA:3,1
DA:4,1
DA:5,1
DA:6,1
DA:8,1
DA:9,5
DA:11,5
DA:12,4
DA:13,0
DA:15,4
DA:16,4
DA:17,4
DA:21,5
DA:23,5
DA:26,0
DA:29,5
DA:30,1
DA:32,5
LF:20
LH:18
BRDA:34,0,0,1
BRDA:34,0,1,4
BRF:2
BRH:2
end_of_record
TN:
SF:src\modules\Document\components\Table\Table.css
FNF:0
FNH:0
DA:1,1
DA:3,1
DA:4,1
LF:3
LH:3
BRF:0
BRH:0
end_of_record
TN:
SF:src\modules\Document\components\Table\Table.tsx
FN:9,Table
FN:12,(anonymous_2)
FN:13,(anonymous_3)
FN:17,(anonymous_4)
FN:24,(anonymous_5)
FN:30,(anonymous_6)
FN:51,(anonymous_7)
FN:58,(anonymous_8)
FN:81,(anonymous_9)
FN:85,(anonymous_10)
FN:107,(anonymous_11)
FN:108,(anonymous_12)
FN:109,(anonymous_13)
FN:112,(anonymous_14)
FN:115,(anonymous_15)
FN:116,(anonymous_16)
FN:122,(anonymous_17)
FNF:17
FNH:11
FNDA:17,Table
FNDA:10,(anonymous_2)
FNDA:0,(anonymous_3)
FNDA:10,(anonymous_4)
FNDA:0,(anonymous_5)
FNDA:0,(anonymous_6)
FNDA:6,(anonymous_7)
FNDA:0,(anonymous_8)
FNDA:1,(anonymous_9)
FNDA:0,(anonymous_10)
FNDA:1,(anonymous_11)
FNDA:1,(anonymous_12)
FNDA:1,(anonymous_13)
FNDA:1,(anonymous_14)
FNDA:1,(anonymous_15)
FNDA:1,(anonymous_16)
FNDA:0,(anonymous_17)
DA:1,1
DA:2,1
DA:3,1
DA:4,1
DA:5,1
DA:6,1
DA:9,1
DA:10,17
DA:12,17
DA:13,10
DA:14,0
DA:16,10
DA:17,10
DA:18,10
DA:22,17
DA:24,17
DA:25,0
DA:28,17
DA:30,17
DA:31,0
DA:32,0
DA:35,17
DA:39,17
DA:40,0
DA:41,0
DA:43,17
DA:46,17
DA:47,17
DA:51,17
DA:54,6
DA:55,0
DA:57,6
DA:59,0
DA:61,0
DA:63,0
DA:65,0
DA:67,0
DA:69,0
DA:71,0
DA:76,6
DA:79,17
DA:81,17
DA:82,1
DA:85,17
DA:86,0
DA:89,17
DA:107,1
DA:108,1
DA:109,1
DA:112,1
DA:115,1
DA:116,1
DA:123,0
LF:53
LH:37
BRDA:39,0,0,0
BRDA:39,0,1,17
BRDA:54,1,0,0
BRDA:54,1,1,6
BRDA:59,2,0,0
BRDA:59,2,1,0
BRDA:59,2,2,0
BRDA:59,2,3,0
BRDA:59,2,4,0
BRDA:59,2,5,0
BRDA:91,3,0,1
BRDA:91,3,1,16
BRDA:107,4,0,1
BRDA:107,4,1,15
BRDA:108,5,0,1
BRDA:108,5,1,15
BRDA:110,6,0,1
BRDA:110,6,1,15
BRDA:113,7,0,1
BRDA:113,7,1,15
BRDA:115,8,0,1
BRDA:115,8,1,15
BRDA:117,9,0,1
BRDA:117,9,1,15
BRF:24
BRH:16
end_of_record
TN:
SF:src\modules\Loan\components\Form\Form.css
FNF:0
FNH:0
DA:1,2
DA:3,2
DA:4,2
LF:3
LH:3
BRF:0
BRH:0
end_of_record
TN:
SF:src\modules\Loan\components\Form\Form.utils.ts
FNF:0
FNH:0
DA:4,2
DA:15,2
LF:2
LH:2
BRF:0
BRH:0
end_of_record
TN:
SF:src\modules\Loan\components\FormBtn\FormBtn.css
FNF:0
FNH:0
DA:1,2
DA:3,2
DA:4,2
LF:3
LH:3
BRF:0
BRH:0
end_of_record
TN:
SF:src\modules\Loan\components\FormBtn\FormBtn.tsx
FN:9,FormBtn
FNF:1
FNH:1
FNDA:7,FormBtn
DA:2,2
DA:5,2
DA:9,2
DA:10,7
LF:4
LH:4
BRDA:11,0,0,0
BRDA:11,0,1,7
BRF:2
BRH:1
end_of_record
TN:
SF:src\modules\Loan\components\FormItem\FormItem.css
FNF:0
FNH:0
DA:1,2
DA:3,2
DA:4,2
LF:3
LH:3
BRF:0
BRH:0
end_of_record
TN:
SF:src\modules\Loan\components\PrescoringForm\PrescoringForm.tsx
FN:18,PrescoringFormProto
FN:27,(anonymous_2)
FN:31,(anonymous_3)
FN:35,(anonymous_4)
FN:39,(anonymous_5)
FN:43,(anonymous_6)
FN:49,(anonymous_7)
FN:53,(anonymous_8)
FN:57,(anonymous_9)
FN:61,(anonymous_10)
FN:62,(anonymous_11)
FN:91,(anonymous_12)
FN:102,(anonymous_13)
FN:113,(anonymous_14)
FN:124,(anonymous_15)
FN:135,(anonymous_16)
FN:151,(anonymous_17)
FN:159,(anonymous_18)
FN:169,(anonymous_19)
FN:180,(anonymous_20)
FN:191,(anonymous_21)
FN:202,(anonymous_22)
FN:213,(anonymous_23)
FN:224,(anonymous_24)
FN:235,(anonymous_25)
FN:246,(anonymous_26)
FNF:26
FNH:15
FNDA:4,PrescoringFormProto
FNDA:1,(anonymous_2)
FNDA:0,(anonymous_3)
FNDA:0,(anonymous_4)
FNDA:1,(anonymous_5)
FNDA:1,(anonymous_6)
FNDA:0,(anonymous_7)
FNDA:0,(anonymous_8)
FNDA:0,(anonymous_9)
FNDA:0,(anonymous_10)
FNDA:0,(anonymous_11)
FNDA:5,(anonymous_12)
FNDA:1,(anonymous_13)
FNDA:4,(anonymous_14)
FNDA:0,(anonymous_15)
FNDA:4,(anonymous_16)
FNDA:4,(anonymous_17)
FNDA:0,(anonymous_18)
FNDA:5,(anonymous_19)
FNDA:1,(anonymous_20)
FNDA:5,(anonymous_21)
FNDA:1,(anonymous_22)
FNDA:4,(anonymous_23)
FNDA:0,(anonymous_24)
FNDA:4,(anonymous_25)
FNDA:0,(anonymous_26)
DA:2,1
DA:3,1
DA:4,1
DA:5,1
DA:6,1
DA:7,1
DA:8,1
DA:9,1
DA:10,1
DA:12,1
DA:13,1
DA:14,1
DA:15,1
DA:16,1
DA:19,4
DA:21,4
DA:27,4
DA:28,1
DA:31,4
DA:32,0
DA:35,4
DA:36,0
DA:39,4
DA:40,1
DA:43,4
DA:44,1
DA:45,1
DA:46,1
DA:49,4
DA:50,0
DA:53,4
DA:54,0
DA:57,4
DA:58,0
DA:61,4
DA:62,0
DA:63,0
DA:64,0
DA:68,4
DA:92,5
DA:103,1
DA:104,1
DA:114,4
DA:125,0
DA:126,0
DA:136,4
DA:152,4
DA:160,0
DA:161,0
DA:170,5
DA:181,1
DA:182,1
DA:192,5
DA:203,1
DA:204,1
DA:214,4
DA:225,0
DA:226,0
DA:236,4
DA:247,0
DA:248,0
DA:264,1
LF:62
LH:46
BRDA:46,0,0,1
BRDA:46,0,1,0
BRDA:99,1,0,0
BRDA:99,1,1,5
BRDA:99,2,0,5
BRDA:99,2,1,0
BRDA:99,3,0,5
BRDA:99,3,1,5
BRDA:100,4,0,1
BRDA:100,4,1,4
BRDA:106,5,0,5
BRDA:106,5,1,0
BRDA:106,6,0,5
BRDA:106,6,1,5
BRDA:121,7,0,0
BRDA:121,7,1,4
BRDA:121,8,0,4
BRDA:121,8,1,0
BRDA:121,9,0,4
BRDA:121,9,1,4
BRDA:122,10,0,0
BRDA:122,10,1,4
BRDA:128,11,0,4
BRDA:128,11,1,0
BRDA:128,12,0,4
BRDA:128,12,1,4
BRDA:177,13,0,0
BRDA:177,13,1,5
BRDA:177,14,0,5
BRDA:177,14,1,0
BRDA:177,15,0,5
BRDA:177,15,1,5
BRDA:178,16,0,1
BRDA:178,16,1,4
BRDA:178,17,0,5
BRDA:178,17,1,1
BRDA:178,18,0,1
BRDA:178,18,1,0
BRDA:178,19,0,1
BRDA:178,19,1,1
BRDA:184,20,0,5
BRDA:184,20,1,0
BRDA:184,21,0,5
BRDA:184,21,1,5
BRDA:199,22,0,0
BRDA:199,22,1,5
BRDA:199,23,0,5
BRDA:199,23,1,0
BRDA:199,24,0,5
BRDA:199,24,1,5
BRDA:200,25,0,1
BRDA:200,25,1,4
BRDA:206,26,0,5
BRDA:206,26,1,0
BRDA:206,27,0,5
BRDA:206,27,1,5
BRDA:221,28,0,0
BRDA:221,28,1,4
BRDA:221,29,0,4
BRDA:221,29,1,0
BRDA:221,30,0,4
BRDA:221,30,1,4
BRDA:222,31,0,0
BRDA:222,31,1,4
BRDA:228,32,0,4
BRDA:228,32,1,0
BRDA:228,33,0,4
BRDA:228,33,1,4
BRDA:243,34,0,0
BRDA:243,34,1,4
BRDA:243,35,0,4
BRDA:243,35,1,0
BRDA:243,36,0,4
BRDA:243,36,1,4
BRDA:244,37,0,0
BRDA:244,37,1,4
BRDA:250,38,0,4
BRDA:250,38,1,0
BRDA:250,39,0,4
BRDA:250,39,1,4
BRF:80
BRH:57
end_of_record
TN:
SF:src\modules\Loan\components\ScoringForm\ScoringForm.tsx
FN:22,ScoringForm
FN:31,(anonymous_2)
FN:35,(anonymous_3)
FN:39,(anonymous_4)
FN:43,(anonymous_5)
FN:49,(anonymous_6)
FN:53,(anonymous_7)
FN:57,(anonymous_8)
FN:61,(anonymous_9)
FN:65,(anonymous_10)
FN:69,(anonymous_11)
FN:73,(anonymous_12)
FN:77,(anonymous_13)
FN:78,(anonymous_14)
FN:100,(anonymous_15)
FN:110,(anonymous_16)
FN:121,(anonymous_17)
FN:131,(anonymous_18)
FN:142,(anonymous_19)
FN:152,(anonymous_20)
FN:163,(anonymous_21)
FN:172,(anonymous_22)
FN:183,(anonymous_23)
FN:194,(anonymous_24)
FN:208,(anonymous_25)
FN:218,(anonymous_26)
FN:229,(anonymous_27)
FN:240,(anonymous_28)
FN:251,(anonymous_29)
FN:262,(anonymous_30)
FN:273,(anonymous_31)
FN:283,(anonymous_32)
FN:294,(anonymous_33)
FN:305,(anonymous_34)
FN:316,(anonymous_35)
FN:327,(anonymous_36)
FNF:36
FNH:24
FNDA:3,ScoringForm
FNDA:0,(anonymous_2)
FNDA:0,(anonymous_3)
FNDA:0,(anonymous_4)
FNDA:1,(anonymous_5)
FNDA:1,(anonymous_6)
FNDA:0,(anonymous_7)
FNDA:1,(anonymous_8)
FNDA:1,(anonymous_9)
FNDA:0,(anonymous_10)
FNDA:1,(anonymous_11)
FNDA:1,(anonymous_12)
FNDA:0,(anonymous_13)
FNDA:0,(anonymous_14)
FNDA:4,(anonymous_15)
FNDA:0,(anonymous_16)
FNDA:4,(anonymous_17)
FNDA:0,(anonymous_18)
FNDA:4,(anonymous_19)
FNDA:0,(anonymous_20)
FNDA:5,(anonymous_21)
FNDA:1,(anonymous_22)
FNDA:5,(anonymous_23)
FNDA:1,(anonymous_24)
FNDA:4,(anonymous_25)
FNDA:0,(anonymous_26)
FNDA:5,(anonymous_27)
FNDA:1,(anonymous_28)
FNDA:5,(anonymous_29)
FNDA:1,(anonymous_30)
FNDA:4,(anonymous_31)
FNDA:0,(anonymous_32)
FNDA:5,(anonymous_33)
FNDA:1,(anonymous_34)
FNDA:5,(anonymous_35)
FNDA:1,(anonymous_36)
DA:2,1
DA:3,1
DA:4,1
DA:5,1
DA:6,1
DA:7,1
DA:8,1
DA:9,1
DA:10,1
DA:17,1
DA:19,1
DA:20,1
DA:22,1
DA:23,3
DA:25,3
DA:31,3
DA:32,0
DA:35,3
DA:36,0
DA:39,3
DA:40,0
DA:43,3
DA:44,1
DA:45,1
DA:46,1
DA:49,3
DA:50,1
DA:53,3
DA:54,0
DA:57,3
DA:58,1
DA:61,3
DA:62,1
DA:65,3
DA:66,0
DA:69,3
DA:70,1
DA:73,3
DA:74,1
DA:77,3
DA:78,0
DA:79,0
DA:80,0
DA:84,3
DA:101,4
DA:111,0
DA:112,0
DA:122,4
DA:132,0
DA:133,0
DA:143,4
DA:153,0
DA:154,0
DA:164,5
DA:173,1
DA:174,1
DA:184,5
DA:195,1
DA:196,1
DA:209,4
DA:219,0
DA:220,0
DA:230,5
DA:241,1
DA:242,1
DA:252,5
DA:263,1
DA:264,1
DA:274,4
DA:284,0
DA:285,0
DA:295,5
DA:306,1
DA:307,1
DA:317,5
DA:328,1
DA:329,1
LF:77
LH:59
BRDA:46,0,0,1
BRDA:46,0,1,0
BRDA:108,1,0,1
BRDA:108,1,1,3
BRDA:108,2,0,3
BRDA:108,2,1,1
BRDA:108,3,0,4
BRDA:108,3,1,4
BRDA:114,4,0,3
BRDA:114,4,1,1
BRDA:114,5,0,4
BRDA:114,5,1,4
BRDA:129,6,0,1
BRDA:129,6,1,3
BRDA:129,7,0,3
BRDA:129,7,1,1
BRDA:129,8,0,4
BRDA:129,8,1,4
BRDA:135,9,0,3
BRDA:135,9,1,1
BRDA:135,10,0,4
BRDA:135,10,1,4
BRDA:150,11,0,1
BRDA:150,11,1,3
BRDA:150,12,0,3
BRDA:150,12,1,1
BRDA:150,13,0,4
BRDA:150,13,1,4
BRDA:156,14,0,3
BRDA:156,14,1,1
BRDA:156,15,0,4
BRDA:156,15,1,4
BRDA:171,16,0,1
BRDA:171,16,1,4
BRDA:171,17,0,4
BRDA:171,17,1,1
BRDA:171,18,0,5
BRDA:171,18,1,5
BRDA:176,19,0,4
BRDA:176,19,1,1
BRDA:176,20,0,5
BRDA:176,20,1,5
BRDA:191,21,0,1
BRDA:191,21,1,4
BRDA:191,22,0,4
BRDA:191,22,1,1
BRDA:191,23,0,5
BRDA:191,23,1,5
BRDA:192,24,0,1
BRDA:192,24,1,4
BRDA:198,25,0,4
BRDA:198,25,1,1
BRDA:198,26,0,5
BRDA:198,26,1,5
BRDA:216,27,0,1
BRDA:216,27,1,3
BRDA:216,28,0,3
BRDA:216,28,1,1
BRDA:216,29,0,4
BRDA:216,29,1,4
BRDA:222,30,0,3
BRDA:222,30,1,1
BRDA:222,31,0,4
BRDA:222,31,1,4
BRDA:237,32,0,1
BRDA:237,32,1,4
BRDA:237,33,0,4
BRDA:237,33,1,1
BRDA:237,34,0,5
BRDA:237,34,1,5
BRDA:238,35,0,1
BRDA:238,35,1,4
BRDA:244,36,0,4
BRDA:244,36,1,1
BRDA:244,37,0,5
BRDA:244,37,1,5
BRDA:259,38,0,1
BRDA:259,38,1,4
BRDA:259,39,0,4
BRDA:259,39,1,1
BRDA:259,40,0,5
BRDA:259,40,1,5
BRDA:260,41,0,1
BRDA:260,41,1,4
BRDA:266,42,0,4
BRDA:266,42,1,1
BRDA:266,43,0,5
BRDA:266,43,1,5
BRDA:281,44,0,1
BRDA:281,44,1,3
BRDA:281,45,0,3
BRDA:281,45,1,1
BRDA:281,46,0,4
BRDA:281,46,1,4
BRDA:287,47,0,3
BRDA:287,47,1,1
BRDA:287,48,0,4
BRDA:287,48,1,4
BRDA:302,49,0,1
BRDA:302,49,1,4
BRDA:302,50,0,4
BRDA:302,50,1,1
BRDA:302,51,0,5
BRDA:302,51,1,5
BRDA:303,52,0,1
BRDA:303,52,1,4
BRDA:303,53,0,5
BRDA:303,53,1,5
BRDA:309,54,0,4
BRDA:309,54,1,1
BRDA:309,55,0,5
BRDA:309,55,1,5
BRDA:324,56,0,1
BRDA:324,56,1,4
BRDA:324,57,0,4
BRDA:324,57,1,1
BRDA:324,58,0,5
BRDA:324,58,1,5
BRDA:325,59,0,1
BRDA:325,59,1,4
BRDA:325,60,0,5
BRDA:325,60,1,5
BRDA:331,61,0,4
BRDA:331,61,1,1
BRDA:331,62,0,5
BRDA:331,62,1,5
BRF:126
BRH:125
end_of_record
TN:
SF:src\modules\Loan\store\Loan.store.tsx
FN:9,(anonymous_1)
FN:25,(anonymous_2)
FN:31,(anonymous_3)
FN:32,(anonymous_4)
FN:43,(anonymous_5)
FN:49,(anonymous_6)
FN:50,(anonymous_7)
FN:60,(anonymous_8)
FN:66,(anonymous_9)
FN:75,(anonymous_10)
FN:84,(anonymous_11)
FN:85,(anonymous_12)
FN:95,(anonymous_13)
FN:101,(anonymous_14)
FN:110,(anonymous_15)
FN:119,(anonymous_16)
FN:15,(anonymous_17)
FN:21,(anonymous_18)
FNF:18
FNH:2
FNDA:5,(anonymous_1)
FNDA:0,(anonymous_2)
FNDA:0,(anonymous_3)
FNDA:0,(anonymous_4)
FNDA:0,(anonymous_5)
FNDA:0,(anonymous_6)
FNDA:0,(anonymous_7)
FNDA:0,(anonymous_8)
FNDA:0,(anonymous_9)
FNDA:0,(anonymous_10)
FNDA:0,(anonymous_11)
FNDA:0,(anonymous_12)
FNDA:0,(anonymous_13)
FNDA:0,(anonymous_14)
FNDA:0,(anonymous_15)
FNDA:0,(anonymous_16)
FNDA:7,(anonymous_17)
FNDA:0,(anonymous_18)
DA:1,5
DA:2,5
DA:3,5
DA:10,5
DA:13,5
DA:16,7
DA:19,5
DA:22,0
DA:25,5
DA:26,0
DA:27,0
DA:28,0
DA:31,5
DA:32,0
DA:33,0
DA:35,0
DA:36,0
DA:37,0
DA:38,0
DA:39,0
DA:41,0
DA:43,0
DA:44,0
DA:49,5
DA:50,0
DA:51,0
DA:53,0
DA:54,0
DA:55,0
DA:56,0
DA:58,0
DA:60,0
DA:61,0
DA:66,5
DA:67,0
DA:68,0
DA:69,0
DA:71,0
DA:75,5
DA:76,0
DA:77,0
DA:78,0
DA:80,0
DA:84,5
DA:85,0
DA:86,0
DA:88,0
DA:89,0
DA:90,0
DA:91,0
DA:93,0
DA:95,0
DA:96,0
DA:101,5
DA:102,0
DA:103,0
DA:104,0
DA:106,0
DA:110,5
DA:111,0
DA:112,0
DA:113,0
DA:115,0
DA:119,5
DA:120,0
DA:121,0
DA:122,0
DA:124,0
DA:129,5
LF:69
LH:17
BRDA:41,0,0,0
BRDA:58,1,0,0
BRDA:93,2,0,0
BRF:3
BRH:0
end_of_record
TN:
SF:src\modules\Loan\store\PrescoringResponse.store.tsx
FN:7,(anonymous_0)
FN:11,(anonymous_1)
FNF:2
FNH:1
FNDA:5,(anonymous_0)
FNDA:0,(anonymous_1)
DA:1,5
DA:5,5
DA:8,5
DA:12,0
DA:16,5
DA:18,5
LF:6
LH:5
BRDA:12,0,0,0
BRDA:12,0,1,0
BRDA:12,1,0,0
BRDA:12,1,1,0
BRF:4
BRH:0
end_of_record
TN:
SF:src\modules\Offers\Offers.module.tsx
FN:7,Offers
FN:13,(anonymous_2)
FNF:2
FNH:2
FNDA:3,Offers
FNDA:4,(anonymous_2)
DA:2,1
DA:3,1
DA:5,1
DA:7,1
DA:8,3
DA:9,3
DA:11,3
DA:14,4
LF:8
LH:8
BRDA:9,0,0,3
BRDA:9,0,1,0
BRF:2
BRH:1
end_of_record
TN:
SF:src\modules\Offers\components\OffersCard\OffersCard.css
FNF:0
FNH:0
DA:1,1
DA:3,1
DA:4,1
LF:3
LH:3
BRF:0
BRH:0
end_of_record
TN:
SF:src\modules\Offers\components\OffersCard\OffersCard.tsx
FN:8,OffersCard
FN:46,(anonymous_2)
FNF:2
FNH:1
FNDA:4,OffersCard
FNDA:0,(anonymous_2)
DA:2,1
DA:3,1
DA:4,1
DA:6,1
DA:8,1
DA:20,4
DA:21,4
DA:47,0
LF:8
LH:7
BRDA:31,0,0,1
BRDA:31,0,1,3
BRDA:39,1,0,3
BRDA:39,1,1,1
BRF:4
BRH:4
end_of_record
TN:
SF:src\modules\Offers\components\OffersList\OffersList.css
FNF:0
FNH:0
DA:1,1
DA:3,1
DA:4,1
LF:3
LH:3
BRF:0
BRH:0
end_of_record
